Using pre-set license
Built from '2022.1/staging' branch; Version is '2022.1.20f1 (01d83b40d570) revision 120891'; Using compiler version '192829333'; Build Type 'Release'
OS: 'Windows 11  (10.0.22621) 64bit Professional' Language: 'en' Physical Memory: 16259 MB
BatchMode: 1, IsHumanControllingUs: 0, StartBugReporterOnCrash: 0, Is64bit: 1, IsPro: 1

COMMAND LINE ARGUMENTS:
C:\Program Files\Unity 2022.1.20f1\Editor\Unity.exe
-adb2
-batchMode
-noUpm
-name
AssetImportWorker0
-projectPath
C:/Users/shoss/Documents/UnityProjects/TreeView
-logFile
Logs/AssetImportWorker0.log
-srvPort
60721
Successfully changed project path to: C:/Users/shoss/Documents/UnityProjects/TreeView
C:/Users/shoss/Documents/UnityProjects/TreeView
[UnityMemory] Configuration Parameters - Can be set up in boot.config
    "memorysetup-bucket-allocator-granularity=16"
    "memorysetup-bucket-allocator-bucket-count=8"
    "memorysetup-bucket-allocator-block-size=33554432"
    "memorysetup-bucket-allocator-block-count=8"
    "memorysetup-main-allocator-block-size=16777216"
    "memorysetup-thread-allocator-block-size=16777216"
    "memorysetup-gfx-main-allocator-block-size=16777216"
    "memorysetup-gfx-thread-allocator-block-size=16777216"
    "memorysetup-cache-allocator-block-size=4194304"
    "memorysetup-typetree-allocator-block-size=2097152"
    "memorysetup-profiler-bucket-allocator-granularity=16"
    "memorysetup-profiler-bucket-allocator-bucket-count=8"
    "memorysetup-profiler-bucket-allocator-block-size=33554432"
    "memorysetup-profiler-bucket-allocator-block-count=8"
    "memorysetup-profiler-allocator-block-size=16777216"
    "memorysetup-profiler-editor-allocator-block-size=1048576"
    "memorysetup-temp-allocator-size-main=16777216"
    "memorysetup-job-temp-allocator-block-size=2097152"
    "memorysetup-job-temp-allocator-block-size-background=1048576"
    "memorysetup-job-temp-allocator-reduction-small-platforms=262144"
    "memorysetup-temp-allocator-size-background-worker=32768"
    "memorysetup-temp-allocator-size-job-worker=262144"
    "memorysetup-temp-allocator-size-preload-manager=33554432"
    "memorysetup-temp-allocator-size-nav-mesh-worker=65536"
    "memorysetup-temp-allocator-size-audio-worker=65536"
    "memorysetup-temp-allocator-size-cloud-worker=32768"
    "memorysetup-temp-allocator-size-gi-baking-worker=262144"
    "memorysetup-temp-allocator-size-gfx=262144"
Refreshing native plugins compatible for Editor in 233.16 ms, found 2 plugins.
Preloading 0 native plugins for Editor in 0.00 ms.
Initialize engine version: 2022.1.20f1 (01d83b40d570)
[Subsystems] Discovering subsystems at path C:/Program Files/Unity 2022.1.20f1/Editor/Data/Resources/UnitySubsystems
[Subsystems] Discovering subsystems at path C:/Users/shoss/Documents/UnityProjects/TreeView/Assets
GfxDevice: creating device client; threaded=0; jobified=0
Direct3D:
    Version:  Direct3D 11.0 [level 11.0]
    Renderer: NVIDIA GeForce GT 740 (ID=0xfc8)
    Vendor:   NVIDIA
    VRAM:     2007 MB
    Driver:   27.21.14.5671
Initialize mono
Mono path[0] = 'C:/Program Files/Unity 2022.1.20f1/Editor/Data/Managed'
Mono path[1] = 'C:/Program Files/Unity 2022.1.20f1/Editor/Data/MonoBleedingEdge/lib/mono/unityjit-win32'
Mono config path = 'C:/Program Files/Unity 2022.1.20f1/Editor/Data/MonoBleedingEdge/etc'
Using monoOptions --debugger-agent=transport=dt_socket,embedding=1,server=y,suspend=n,address=127.0.0.1:56876
Begin MonoManager ReloadAssembly
Registering precompiled unity dll's ...
Register platform support module: C:/Program Files/Unity 2022.1.20f1/Editor/Data/PlaybackEngines/WebGLSupport/UnityEditor.WebGL.Extensions.dll
Register platform support module: C:/Program Files/Unity 2022.1.20f1/Editor/Data/PlaybackEngines/WindowsStandaloneSupport/UnityEditor.WindowsStandalone.Extensions.dll
Registered in 0.003833 seconds.
Native extension for WindowsStandalone target not found
Native extension for WebGL target not found
Refreshing native plugins compatible for Editor in 47.96 ms, found 2 plugins.
Preloading 0 native plugins for Editor in 0.00 ms.
Mono: successfully reloaded assembly
- Completed reload, in  0.728 seconds
Domain Reload Profiling:
	ReloadAssembly (728ms)
		BeginReloadAssembly (110ms)
			ExecutionOrderSort (0ms)
			DisableScriptedObjects (0ms)
			BackupInstance (0ms)
			ReleaseScriptingObjects (0ms)
			CreateAndSetChildDomain (1ms)
		EndReloadAssembly (511ms)
			LoadAssemblies (110ms)
			RebuildTransferFunctionScriptingTraits (0ms)
			SetupTypeCache (128ms)
				TypeCache.Initialize (127ms)
					TypeCache.ScanAssembly (125ms)
				ResolveRequiredComponents (1ms)
			ReleaseScriptCaches (0ms)
			RebuildScriptCaches (50ms)
			SetupLoadedEditorAssemblies (274ms)
				LogAssemblyErrors (0ms)
				InitializePlatformSupportModulesInManaged (9ms)
				SetLoadedEditorAssemblies (9ms)
				RefreshPlugins (48ms)
				BeforeProcessingInitializeOnLoad (2ms)
				ProcessInitializeOnLoadAttributes (149ms)
				ProcessInitializeOnLoadMethodAttributes (57ms)
				AfterProcessingInitializeOnLoad (0ms)
				EditorAssembliesLoaded (0ms)
			ExecutionOrderSort2 (0ms)
			AwakeInstancesAfterBackupRestoration (0ms)
Platform modules already initialized, skipping
Registering precompiled user dll's ...
Registered in 0.018085 seconds.
Begin MonoManager ReloadAssembly
Native extension for WindowsStandalone target not found
Native extension for WebGL target not found
Refreshing native plugins compatible for Editor in 0.65 ms, found 2 plugins.
Preloading 0 native plugins for Editor in 0.00 ms.
Package Manager log level set to [2]
[Package Manager] Server::EnsureServerProcessIsRunning -- launch failed, reason: Unity was launched with the -noUpm command-line argument
[Package Manager] UpmClient::Send -- Unable to send message (not connected to UPM process).
[Package Manager] Cannot connect to Unity Package Manager local server
Mono: successfully reloaded assembly
- Completed reload, in  1.250 seconds
Domain Reload Profiling:
	ReloadAssembly (1251ms)
		BeginReloadAssembly (136ms)
			ExecutionOrderSort (0ms)
			DisableScriptedObjects (7ms)
			BackupInstance (0ms)
			ReleaseScriptingObjects (0ms)
			CreateAndSetChildDomain (24ms)
		EndReloadAssembly (972ms)
			LoadAssemblies (142ms)
			RebuildTransferFunctionScriptingTraits (0ms)
			SetupTypeCache (226ms)
				TypeCache.Initialize (223ms)
					TypeCache.ScanAssembly (219ms)
				ResolveRequiredComponents (4ms)
			ReleaseScriptCaches (0ms)
			RebuildScriptCaches (58ms)
			SetupLoadedEditorAssemblies (491ms)
				LogAssemblyErrors (0ms)
				InitializePlatformSupportModulesInManaged (6ms)
				SetLoadedEditorAssemblies (8ms)
				RefreshPlugins (1ms)
				BeforeProcessingInitializeOnLoad (78ms)
				ProcessInitializeOnLoadAttributes (236ms)
				ProcessInitializeOnLoadMethodAttributes (156ms)
				AfterProcessingInitializeOnLoad (5ms)
				EditorAssembliesLoaded (0ms)
			ExecutionOrderSort2 (0ms)
			AwakeInstancesAfterBackupRestoration (7ms)
Platform modules already initialized, skipping
========================================================================
Worker process is ready to serve import requests
Launched and connected shader compiler UnityShaderCompiler.exe after 0.04 seconds
Refreshing native plugins compatible for Editor in 0.58 ms, found 2 plugins.
Preloading 0 native plugins for Editor in 0.00 ms.
Unloading 2418 Unused Serialized files (Serialized files now loaded: 0)
Unloading 54 unused Assets / (58.5 KB). Loaded Objects now: 2867.
Memory consumption went from 384.3 MB to 384.3 MB.
Total: 5.964700 ms (FindLiveObjects: 0.231100 ms CreateObjectMapping: 0.138600 ms MarkObjects: 5.512400 ms  DeleteObjects: 0.081200 ms)

AssetImportParameters requested are different than current active one (requested -> active):
  custom:video-decoder-ogg-theora: a1e56fd34408186e4bbccfd4996cb3dc -> 
  custom:container-muxer-webm: aa71ff27fc2769a1b78a27578f13a17b -> 
  custom:container-demuxer-webm: 4f35f7cbe854078d1ac9338744f61a02 -> 
  custom:video-encoder-webm-vp8: eb34c28f22e8b96e1ab97ce403110664 -> 
  custom:video-codec-MediaFoundation-h265: 746d11721c4dcdbdad8f713fa42b33f4 -> 
  custom:audio-encoder-webm-vorbis: bf7c407c2cedff20999df2af8eb42d56 -> 
  custom:framework-win-MediaFoundation: 216162199b28c13a410421893ffa2e32 -> 
  custom:container-demuxer-ogg: 62fdf1f143b41e24485cea50d1cbac27 -> 
  custom:video-decoder-webm-vp8: 9c59270c3fd7afecdb556c50c9e8de78 -> 
  custom:audio-decoder-ogg-vorbis: bf7c407c2cedff20999df2af8eb42d56 -> 
========================================================================
Received Import Request.
  Time since last request: 867645.565022 seconds.
  path: Assets/Demo.unity
  artifactKey: Guid(21805d193f328b646a86cd5e2034225a) Importer(815301076,1909f56bfc062723c751e8b465ee728b)
Start importing Assets/Demo.unity using Guid(21805d193f328b646a86cd5e2034225a) Importer(815301076,1909f56bfc062723c751e8b465ee728b)  -> (artifact id: '0eb4d079b23ab7a0aab596d54e203c6f') in 0.005988 seconds 
========================================================================
Received Prepare
Registering precompiled user dll's ...
Registered in 0.003873 seconds.
Begin MonoManager ReloadAssembly
Native extension for WindowsStandalone target not found
Native extension for WebGL target not found
Refreshing native plugins compatible for Editor in 0.76 ms, found 2 plugins.
Preloading 0 native plugins for Editor in 0.00 ms.
[Package Manager] Server::EnsureServerProcessIsRunning -- launch failed, reason: Unity was launched with the -noUpm command-line argument
[Package Manager] UpmClient::Send -- Unable to send message (not connected to UPM process).
[Package Manager] Cannot connect to Unity Package Manager local server
Mono: successfully reloaded assembly
- Completed reload, in  1.097 seconds
Domain Reload Profiling:
	ReloadAssembly (1098ms)
		BeginReloadAssembly (137ms)
			ExecutionOrderSort (0ms)
			DisableScriptedObjects (8ms)
			BackupInstance (0ms)
			ReleaseScriptingObjects (0ms)
			CreateAndSetChildDomain (37ms)
		EndReloadAssembly (866ms)
			LoadAssemblies (83ms)
			RebuildTransferFunctionScriptingTraits (0ms)
			SetupTypeCache (192ms)
				TypeCache.Initialize (187ms)
					TypeCache.ScanAssembly (180ms)
				ResolveRequiredComponents (5ms)
			ReleaseScriptCaches (1ms)
			RebuildScriptCaches (46ms)
			SetupLoadedEditorAssemblies (487ms)
				LogAssemblyErrors (0ms)
				InitializePlatformSupportModulesInManaged (14ms)
				SetLoadedEditorAssemblies (9ms)
				RefreshPlugins (1ms)
				BeforeProcessingInitializeOnLoad (68ms)
				ProcessInitializeOnLoadAttributes (238ms)
				ProcessInitializeOnLoadMethodAttributes (151ms)
				AfterProcessingInitializeOnLoad (6ms)
				EditorAssembliesLoaded (0ms)
			ExecutionOrderSort2 (0ms)
			AwakeInstancesAfterBackupRestoration (8ms)
Platform modules already initialized, skipping
Refreshing native plugins compatible for Editor in 4.28 ms, found 2 plugins.
Preloading 0 native plugins for Editor in 0.00 ms.
Unloading 2412 Unused Serialized files (Serialized files now loaded: 0)
Unloading 43 unused Assets / (25.6 KB). Loaded Objects now: 2870.
Memory consumption went from 383.4 MB to 383.4 MB.
Total: 6.078100 ms (FindLiveObjects: 0.263000 ms CreateObjectMapping: 0.146100 ms MarkObjects: 5.620500 ms  DeleteObjects: 0.047100 ms)

AssetImportParameters requested are different than current active one (requested -> active):
  custom:video-decoder-ogg-theora: a1e56fd34408186e4bbccfd4996cb3dc -> 
  custom:container-muxer-webm: aa71ff27fc2769a1b78a27578f13a17b -> 
  custom:container-demuxer-webm: 4f35f7cbe854078d1ac9338744f61a02 -> 
  custom:video-encoder-webm-vp8: eb34c28f22e8b96e1ab97ce403110664 -> 
  custom:video-codec-MediaFoundation-h265: 746d11721c4dcdbdad8f713fa42b33f4 -> 
  custom:audio-encoder-webm-vorbis: bf7c407c2cedff20999df2af8eb42d56 -> 
  custom:framework-win-MediaFoundation: 216162199b28c13a410421893ffa2e32 -> 
  custom:container-demuxer-ogg: 62fdf1f143b41e24485cea50d1cbac27 -> 
  custom:video-decoder-webm-vp8: 9c59270c3fd7afecdb556c50c9e8de78 -> 
  custom:audio-decoder-ogg-vorbis: bf7c407c2cedff20999df2af8eb42d56 -> 
========================================================================
Received Import Request.
  Time since last request: 415.389306 seconds.
  path: Assets/Resources/BillingMode.json
  artifactKey: Guid(9b6b85b139f97b54b9423be2ca3a8232) Importer(815301076,1909f56bfc062723c751e8b465ee728b)
Start importing Assets/Resources/BillingMode.json using Guid(9b6b85b139f97b54b9423be2ca3a8232) Importer(815301076,1909f56bfc062723c751e8b465ee728b)  -> (artifact id: '47b42f8200baac2e21008efd82e08c33') in 0.034191 seconds 
========================================================================
Received Import Request.
  Time since last request: 15.333435 seconds.
  path: Assets/AkibTreeView/VirtualizingTreeView.pdf
  artifactKey: Guid(e2572b51b571961499ddb20a9574ec8a) Importer(815301076,1909f56bfc062723c751e8b465ee728b)
Start importing Assets/AkibTreeView/VirtualizingTreeView.pdf using Guid(e2572b51b571961499ddb20a9574ec8a) Importer(815301076,1909f56bfc062723c751e8b465ee728b)  -> (artifact id: '5f53c1292c1189b55eafd75ff1cc1861') in 0.011539 seconds 
========================================================================
Received Import Request.
  Time since last request: 68.391775 seconds.
  path: Assets/AkibTreeView/UIControls
  artifactKey: Guid(335c93c676474ac4abcb6eaa9eb9ea80) Importer(815301076,1909f56bfc062723c751e8b465ee728b)
Start importing Assets/AkibTreeView/UIControls using Guid(335c93c676474ac4abcb6eaa9eb9ea80) Importer(815301076,1909f56bfc062723c751e8b465ee728b)  -> (artifact id: 'c5a5bf4bde4c15997f02fc04d04c5494') in 0.007131 seconds 
========================================================================
Received Import Request.
  Time since last request: 1.137452 seconds.
  path: Assets/AkibTreeView/UIControls/Common
  artifactKey: Guid(be7ec99e87a6f174188c0ef91d671b66) Importer(815301076,1909f56bfc062723c751e8b465ee728b)
Start importing Assets/AkibTreeView/UIControls/Common using Guid(be7ec99e87a6f174188c0ef91d671b66) Importer(815301076,1909f56bfc062723c751e8b465ee728b)  -> (artifact id: 'be815705883b9d60a9048f5619f5ad3e') in 0.006143 seconds 
========================================================================
Received Import Request.
  Time since last request: 1.068549 seconds.
  path: Assets/AkibTreeView/UIControls/Common/InputProvider.cs
  artifactKey: Guid(49b79afc3023a2046b63d2a7b3d0d53f) Importer(815301076,1909f56bfc062723c751e8b465ee728b)
Start importing Assets/AkibTreeView/UIControls/Common/InputProvider.cs using Guid(49b79afc3023a2046b63d2a7b3d0d53f) Importer(815301076,1909f56bfc062723c751e8b465ee728b)  -> (artifact id: '3f5ed2dde425aa209e79b4891e545e99') in 0.009023 seconds 
========================================================================
Received Import Request.
  Time since last request: 7.850267 seconds.
  path: Assets/AkibTreeView/UIControls/Common/InputProviderAdapter.cs
  artifactKey: Guid(406a030aedbc3a34bb8f86165cca14a6) Importer(815301076,1909f56bfc062723c751e8b465ee728b)
Start importing Assets/AkibTreeView/UIControls/Common/InputProviderAdapter.cs using Guid(406a030aedbc3a34bb8f86165cca14a6) Importer(815301076,1909f56bfc062723c751e8b465ee728b)  -> (artifact id: '5d42094a822ea57d42ca7d061f968de7') in 0.005120 seconds 
========================================================================
Received Import Request.
  Time since last request: 10.442706 seconds.
  path: Assets/AkibTreeView/UIControls/Common/Repeater.cs
  artifactKey: Guid(a8488d810d5454143813f4ffa6606643) Importer(815301076,1909f56bfc062723c751e8b465ee728b)
Start importing Assets/AkibTreeView/UIControls/Common/Repeater.cs using Guid(a8488d810d5454143813f4ffa6606643) Importer(815301076,1909f56bfc062723c751e8b465ee728b)  -> (artifact id: '847749607f6cdf7321056057dc270c64') in 0.005306 seconds 
========================================================================
Received Import Request.
  Time since last request: 12.691396 seconds.
  path: Assets/AkibTreeView/UIControls/VirtualizingTreeView/Demo
  artifactKey: Guid(f21d5773025c78747a578b3cb9e6b8f3) Importer(815301076,1909f56bfc062723c751e8b465ee728b)
Start importing Assets/AkibTreeView/UIControls/VirtualizingTreeView/Demo using Guid(f21d5773025c78747a578b3cb9e6b8f3) Importer(815301076,1909f56bfc062723c751e8b465ee728b)  -> (artifact id: '27c5752b85b5441adcab576b8120fa94') in 0.006083 seconds 
========================================================================
Received Import Request.
  Time since last request: 5.168321 seconds.
  path: Assets/AkibTreeView/UIControls/VirtualizingTreeView/Demo/TreeView.unity
  artifactKey: Guid(581dd8a092dfe3b4c91e8071b4bd55b9) Importer(815301076,1909f56bfc062723c751e8b465ee728b)
Start importing Assets/AkibTreeView/UIControls/VirtualizingTreeView/Demo/TreeView.unity using Guid(581dd8a092dfe3b4c91e8071b4bd55b9) Importer(815301076,1909f56bfc062723c751e8b465ee728b)  -> (artifact id: '49124297c7ee7b4aa191be316f5ca0ae') in 0.006089 seconds 
========================================================================
Received Import Request.
  Time since last request: 13.529708 seconds.
  path: Assets/AkibTreeView/UIControls/VirtualizingTreeView/Demo/VirtualizingTreeView.unity
  artifactKey: Guid(5ddf9d23d33dd784c9ed8d7dd230d4b6) Importer(815301076,1909f56bfc062723c751e8b465ee728b)
Start importing Assets/AkibTreeView/UIControls/VirtualizingTreeView/Demo/VirtualizingTreeView.unity using Guid(5ddf9d23d33dd784c9ed8d7dd230d4b6) Importer(815301076,1909f56bfc062723c751e8b465ee728b)  -> (artifact id: 'a88f3c5115a6cdd53b4e2e1e89a04ed8') in 0.005569 seconds 
========================================================================
Received Prepare
Registering precompiled user dll's ...
Registered in 0.004407 seconds.
Begin MonoManager ReloadAssembly
Native extension for WindowsStandalone target not found
Native extension for WebGL target not found
Refreshing native plugins compatible for Editor in 0.65 ms, found 2 plugins.
Preloading 0 native plugins for Editor in 0.00 ms.
[Package Manager] Server::EnsureServerProcessIsRunning -- launch failed, reason: Unity was launched with the -noUpm command-line argument
[Package Manager] UpmClient::Send -- Unable to send message (not connected to UPM process).
[Package Manager] Cannot connect to Unity Package Manager local server
Mono: successfully reloaded assembly
- Completed reload, in  1.076 seconds
Domain Reload Profiling:
	ReloadAssembly (1077ms)
		BeginReloadAssembly (130ms)
			ExecutionOrderSort (0ms)
			DisableScriptedObjects (8ms)
			BackupInstance (0ms)
			ReleaseScriptingObjects (0ms)
			CreateAndSetChildDomain (36ms)
		EndReloadAssembly (858ms)
			LoadAssemblies (74ms)
			RebuildTransferFunctionScriptingTraits (0ms)
			SetupTypeCache (188ms)
				TypeCache.Initialize (184ms)
					TypeCache.ScanAssembly (181ms)
				ResolveRequiredComponents (4ms)
			ReleaseScriptCaches (1ms)
			RebuildScriptCaches (40ms)
			SetupLoadedEditorAssemblies (501ms)
				LogAssemblyErrors (0ms)
				InitializePlatformSupportModulesInManaged (13ms)
				SetLoadedEditorAssemblies (7ms)
				RefreshPlugins (1ms)
				BeforeProcessingInitializeOnLoad (61ms)
				ProcessInitializeOnLoadAttributes (249ms)
				ProcessInitializeOnLoadMethodAttributes (164ms)
				AfterProcessingInitializeOnLoad (6ms)
				EditorAssembliesLoaded (0ms)
			ExecutionOrderSort2 (0ms)
			AwakeInstancesAfterBackupRestoration (7ms)
Platform modules already initialized, skipping
Refreshing native plugins compatible for Editor in 3.21 ms, found 2 plugins.
Preloading 0 native plugins for Editor in 0.00 ms.
Unloading 2412 Unused Serialized files (Serialized files now loaded: 0)
Unloading 43 unused Assets / (25.7 KB). Loaded Objects now: 2874.
Memory consumption went from 383.5 MB to 383.4 MB.
Total: 6.395500 ms (FindLiveObjects: 0.237000 ms CreateObjectMapping: 0.165400 ms MarkObjects: 5.949100 ms  DeleteObjects: 0.042800 ms)

AssetImportParameters requested are different than current active one (requested -> active):
  custom:video-decoder-ogg-theora: a1e56fd34408186e4bbccfd4996cb3dc -> 
  custom:container-muxer-webm: aa71ff27fc2769a1b78a27578f13a17b -> 
  custom:container-demuxer-webm: 4f35f7cbe854078d1ac9338744f61a02 -> 
  custom:video-encoder-webm-vp8: eb34c28f22e8b96e1ab97ce403110664 -> 
  custom:video-codec-MediaFoundation-h265: 746d11721c4dcdbdad8f713fa42b33f4 -> 
  custom:audio-encoder-webm-vorbis: bf7c407c2cedff20999df2af8eb42d56 -> 
  custom:framework-win-MediaFoundation: 216162199b28c13a410421893ffa2e32 -> 
  custom:container-demuxer-ogg: 62fdf1f143b41e24485cea50d1cbac27 -> 
  custom:video-decoder-webm-vp8: 9c59270c3fd7afecdb556c50c9e8de78 -> 
  custom:audio-decoder-ogg-vorbis: bf7c407c2cedff20999df2af8eb42d56 -> 
========================================================================
Received Import Request.
  Time since last request: 25.632779 seconds.
  path: Assets/AssetStoreTools
  artifactKey: Guid(7d0ce5294cd422f4da36fdba89e9ee90) Importer(815301076,1909f56bfc062723c751e8b465ee728b)
Start importing Assets/AssetStoreTools using Guid(7d0ce5294cd422f4da36fdba89e9ee90) Importer(815301076,1909f56bfc062723c751e8b465ee728b)  -> (artifact id: '96f43b937eead5fcc9c5b6f76b95b88b') in 0.006707 seconds 
========================================================================
Received Import Request.
  Time since last request: 1.153364 seconds.
  path: Assets/AssetStoreTools/Editor
  artifactKey: Guid(e2b7f514fcefaba48a9edcba01da7207) Importer(815301076,1909f56bfc062723c751e8b465ee728b)
Start importing Assets/AssetStoreTools/Editor using Guid(e2b7f514fcefaba48a9edcba01da7207) Importer(815301076,1909f56bfc062723c751e8b465ee728b)  -> (artifact id: '7454520ab586582ca4587156e80c0407') in 0.005450 seconds 
========================================================================
Received Import Request.
  Time since last request: 1.407127 seconds.
  path: Assets/AssetStoreTools/Editor/AssetStoreTools.dll
  artifactKey: Guid(46975cd389724d0499db55591d961a35) Importer(815301076,1909f56bfc062723c751e8b465ee728b)
Start importing Assets/AssetStoreTools/Editor/AssetStoreTools.dll using Guid(46975cd389724d0499db55591d961a35) Importer(815301076,1909f56bfc062723c751e8b465ee728b)  -> (artifact id: '94045064e67638db0500a11c69767ce1') in 0.003769 seconds 
========================================================================
Received Import Request.
  Time since last request: 8.028745 seconds.
  path: Assets/AssetStoreTools/Editor/AssetStoreToolsExtra.dll
  artifactKey: Guid(a4f7ad432f1fed24caa2acbe1ceeef39) Importer(815301076,1909f56bfc062723c751e8b465ee728b)
Start importing Assets/AssetStoreTools/Editor/AssetStoreToolsExtra.dll using Guid(a4f7ad432f1fed24caa2acbe1ceeef39) Importer(815301076,1909f56bfc062723c751e8b465ee728b)  -> (artifact id: 'bb38562ffecdffc4e9659a8ca117f921') in 0.006783 seconds 
========================================================================
Received Import Request.
  Time since last request: 34.653650 seconds.
  path: Assets/Demo.unity
  artifactKey: Guid(21805d193f328b646a86cd5e2034225a) Importer(815301076,1909f56bfc062723c751e8b465ee728b)
Start importing Assets/Demo.unity using Guid(21805d193f328b646a86cd5e2034225a) Importer(815301076,1909f56bfc062723c751e8b465ee728b)  -> (artifact id: 'fb0455c2ec3c654a801019a48760eac7') in 0.005211 seconds 
========================================================================
Received Prepare
Refreshing native plugins compatible for Editor in 8.27 ms, found 2 plugins.
Preloading 0 native plugins for Editor in 0.00 ms.
Unloading 42 Unused Serialized files (Serialized files now loaded: 0)
Unloading 43 unused Assets / (22.9 KB). Loaded Objects now: 2874.
Memory consumption went from 63.1 MB to 63.0 MB.
Total: 6.152000 ms (FindLiveObjects: 0.195300 ms CreateObjectMapping: 0.146500 ms MarkObjects: 5.778600 ms  DeleteObjects: 0.030800 ms)

AssetImportParameters requested are different than current active one (requested -> active):
  custom:video-decoder-ogg-theora: a1e56fd34408186e4bbccfd4996cb3dc -> 
  custom:container-muxer-webm: aa71ff27fc2769a1b78a27578f13a17b -> 
  custom:container-demuxer-webm: 4f35f7cbe854078d1ac9338744f61a02 -> 
  custom:video-encoder-webm-vp8: eb34c28f22e8b96e1ab97ce403110664 -> 
  custom:video-codec-MediaFoundation-h265: 746d11721c4dcdbdad8f713fa42b33f4 -> 
  custom:audio-encoder-webm-vorbis: bf7c407c2cedff20999df2af8eb42d56 -> 
  custom:framework-win-MediaFoundation: 216162199b28c13a410421893ffa2e32 -> 
  custom:container-demuxer-ogg: 62fdf1f143b41e24485cea50d1cbac27 -> 
  custom:video-decoder-webm-vp8: 9c59270c3fd7afecdb556c50c9e8de78 -> 
  custom:audio-decoder-ogg-vorbis: bf7c407c2cedff20999df2af8eb42d56 -> 
========================================================================
Received Prepare
Refreshing native plugins compatible for Editor in 9.59 ms, found 2 plugins.
Preloading 0 native plugins for Editor in 0.00 ms.
Unloading 43 Unused Serialized files (Serialized files now loaded: 0)
Unloading 43 unused Assets / (30.1 KB). Loaded Objects now: 2874.
Memory consumption went from 63.3 MB to 63.3 MB.
Total: 5.465800 ms (FindLiveObjects: 0.204200 ms CreateObjectMapping: 0.106100 ms MarkObjects: 5.112400 ms  DeleteObjects: 0.042100 ms)

AssetImportParameters requested are different than current active one (requested -> active):
  custom:video-decoder-ogg-theora: a1e56fd34408186e4bbccfd4996cb3dc -> 
  custom:container-muxer-webm: aa71ff27fc2769a1b78a27578f13a17b -> 
  custom:container-demuxer-webm: 4f35f7cbe854078d1ac9338744f61a02 -> 
  custom:video-encoder-webm-vp8: eb34c28f22e8b96e1ab97ce403110664 -> 
  custom:video-codec-MediaFoundation-h265: 746d11721c4dcdbdad8f713fa42b33f4 -> 
  custom:audio-encoder-webm-vorbis: bf7c407c2cedff20999df2af8eb42d56 -> 
  custom:framework-win-MediaFoundation: 216162199b28c13a410421893ffa2e32 -> 
  custom:container-demuxer-ogg: 62fdf1f143b41e24485cea50d1cbac27 -> 
  custom:video-decoder-webm-vp8: 9c59270c3fd7afecdb556c50c9e8de78 -> 
  custom:audio-decoder-ogg-vorbis: bf7c407c2cedff20999df2af8eb42d56 -> 
========================================================================
Received Prepare
Registering precompiled user dll's ...
Registered in 0.004219 seconds.
Begin MonoManager ReloadAssembly
Native extension for WindowsStandalone target not found
Native extension for WebGL target not found
Refreshing native plugins compatible for Editor in 1.18 ms, found 2 plugins.
Preloading 0 native plugins for Editor in 0.00 ms.
[Package Manager] Server::EnsureServerProcessIsRunning -- launch failed, reason: Unity was launched with the -noUpm command-line argument
[Package Manager] UpmClient::Send -- Unable to send message (not connected to UPM process).
[Package Manager] Cannot connect to Unity Package Manager local server
Mono: successfully reloaded assembly
- Completed reload, in  1.072 seconds
Domain Reload Profiling:
	ReloadAssembly (1073ms)
		BeginReloadAssembly (150ms)
			ExecutionOrderSort (0ms)
			DisableScriptedObjects (12ms)
			BackupInstance (0ms)
			ReleaseScriptingObjects (0ms)
			CreateAndSetChildDomain (40ms)
		EndReloadAssembly (833ms)
			LoadAssemblies (85ms)
			RebuildTransferFunctionScriptingTraits (0ms)
			SetupTypeCache (196ms)
				TypeCache.Initialize (192ms)
					TypeCache.ScanAssembly (188ms)
				ResolveRequiredComponents (3ms)
			ReleaseScriptCaches (1ms)
			RebuildScriptCaches (45ms)
			SetupLoadedEditorAssemblies (457ms)
				LogAssemblyErrors (0ms)
				InitializePlatformSupportModulesInManaged (13ms)
				SetLoadedEditorAssemblies (9ms)
				RefreshPlugins (1ms)
				BeforeProcessingInitializeOnLoad (65ms)
				ProcessInitializeOnLoadAttributes (223ms)
				ProcessInitializeOnLoadMethodAttributes (141ms)
				AfterProcessingInitializeOnLoad (6ms)
				EditorAssembliesLoaded (0ms)
			ExecutionOrderSort2 (0ms)
			AwakeInstancesAfterBackupRestoration (6ms)
Platform modules already initialized, skipping
Refreshing native plugins compatible for Editor in 3.68 ms, found 2 plugins.
Preloading 0 native plugins for Editor in 0.00 ms.
Unloading 2413 Unused Serialized files (Serialized files now loaded: 0)
Unloading 43 unused Assets / (32.8 KB). Loaded Objects now: 2877.
Memory consumption went from 383.7 MB to 383.7 MB.
Total: 6.377400 ms (FindLiveObjects: 0.305400 ms CreateObjectMapping: 0.215800 ms MarkObjects: 5.797900 ms  DeleteObjects: 0.056500 ms)

AssetImportParameters requested are different than current active one (requested -> active):
  custom:video-decoder-ogg-theora: a1e56fd34408186e4bbccfd4996cb3dc -> 
  custom:container-muxer-webm: aa71ff27fc2769a1b78a27578f13a17b -> 
  custom:container-demuxer-webm: 4f35f7cbe854078d1ac9338744f61a02 -> 
  custom:video-encoder-webm-vp8: eb34c28f22e8b96e1ab97ce403110664 -> 
  custom:video-codec-MediaFoundation-h265: 746d11721c4dcdbdad8f713fa42b33f4 -> 
  custom:audio-encoder-webm-vorbis: bf7c407c2cedff20999df2af8eb42d56 -> 
  custom:framework-win-MediaFoundation: 216162199b28c13a410421893ffa2e32 -> 
  custom:container-demuxer-ogg: 62fdf1f143b41e24485cea50d1cbac27 -> 
  custom:video-decoder-webm-vp8: 9c59270c3fd7afecdb556c50c9e8de78 -> 
  custom:audio-decoder-ogg-vorbis: bf7c407c2cedff20999df2af8eb42d56 -> 
========================================================================
Received Import Request.
  Time since last request: 112.966358 seconds.
  path: Assets/AkibTreeView/UIControls/VirtualizingTreeView/Demo/Resources
  artifactKey: Guid(e94bf9a0801296247bf335575b441f25) Importer(815301076,1909f56bfc062723c751e8b465ee728b)
Start importing Assets/AkibTreeView/UIControls/VirtualizingTreeView/Demo/Resources using Guid(e94bf9a0801296247bf335575b441f25) Importer(815301076,1909f56bfc062723c751e8b465ee728b)  -> (artifact id: 'ae1e66d7db8ab77d32cdecfd2efe24e0') in 0.007613 seconds 
========================================================================
Received Import Request.
  Time since last request: 5.473191 seconds.
  path: Assets/AkibTreeView/UIControls/VirtualizingTreeView/Demo/Scripts
  artifactKey: Guid(da2bdc2e552db87439d73c86743e5ecb) Importer(815301076,1909f56bfc062723c751e8b465ee728b)
Start importing Assets/AkibTreeView/UIControls/VirtualizingTreeView/Demo/Scripts using Guid(da2bdc2e552db87439d73c86743e5ecb) Importer(815301076,1909f56bfc062723c751e8b465ee728b)  -> (artifact id: 'cf236bfcb2a447080beba904aa8934ab') in 0.006034 seconds 
========================================================================
Received Import Request.
  Time since last request: 17.102889 seconds.
  path: Assets/AssetStoreTools/Editor/DroidSansMono.ttf
  artifactKey: Guid(d54231d61af8b414486b80e17598cce1) Importer(815301076,1909f56bfc062723c751e8b465ee728b)
Start importing Assets/AssetStoreTools/Editor/DroidSansMono.ttf using Guid(d54231d61af8b414486b80e17598cce1) Importer(815301076,1909f56bfc062723c751e8b465ee728b)  -> (artifact id: '2caaad94fbb450dd22fe97a3fbd6fe8a') in 0.122889 seconds 
========================================================================
Received Import Request.
  Time since last request: 3.767683 seconds.
  path: Assets/AssetStoreTools/Editor/icon.png
  artifactKey: Guid(7d783a70b51365a49a04d3f369611b99) Importer(815301076,1909f56bfc062723c751e8b465ee728b)
Start importing Assets/AssetStoreTools/Editor/icon.png using Guid(7d783a70b51365a49a04d3f369611b99) Importer(815301076,1909f56bfc062723c751e8b465ee728b)  -> (artifact id: 'f03b4c59874c38a0f498542dff0f1380') in 0.016085 seconds 
========================================================================
Received Import Request.
  Time since last request: 29.207073 seconds.
  path: Assets/AssetStoreTools/Editor/AssetStoreToolsExtra.dll
  artifactKey: Guid(a4f7ad432f1fed24caa2acbe1ceeef39) Importer(815301076,1909f56bfc062723c751e8b465ee728b)
Start importing Assets/AssetStoreTools/Editor/AssetStoreToolsExtra.dll using Guid(a4f7ad432f1fed24caa2acbe1ceeef39) Importer(815301076,1909f56bfc062723c751e8b465ee728b)  -> (artifact id: 'a178793fa72c71862b8652e66f48ffd0') in 0.001757 seconds 
========================================================================
Received Prepare
Registering precompiled user dll's ...
Registered in 0.003955 seconds.
Begin MonoManager ReloadAssembly
Native extension for WindowsStandalone target not found
Native extension for WebGL target not found
Refreshing native plugins compatible for Editor in 0.55 ms, found 2 plugins.
Preloading 0 native plugins for Editor in 0.00 ms.
[Package Manager] Server::EnsureServerProcessIsRunning -- launch failed, reason: Unity was launched with the -noUpm command-line argument
[Package Manager] UpmClient::Send -- Unable to send message (not connected to UPM process).
[Package Manager] Cannot connect to Unity Package Manager local server
Mono: successfully reloaded assembly
- Completed reload, in  1.051 seconds
Domain Reload Profiling:
	ReloadAssembly (1052ms)
		BeginReloadAssembly (162ms)
			ExecutionOrderSort (0ms)
			DisableScriptedObjects (8ms)
			BackupInstance (0ms)
			ReleaseScriptingObjects (0ms)
			CreateAndSetChildDomain (46ms)
		EndReloadAssembly (793ms)
			LoadAssemblies (85ms)
			RebuildTransferFunctionScriptingTraits (0ms)
			SetupTypeCache (191ms)
				TypeCache.Initialize (187ms)
					TypeCache.ScanAssembly (183ms)
				ResolveRequiredComponents (4ms)
			ReleaseScriptCaches (1ms)
			RebuildScriptCaches (40ms)
			SetupLoadedEditorAssemblies (435ms)
				LogAssemblyErrors (0ms)
				InitializePlatformSupportModulesInManaged (12ms)
				SetLoadedEditorAssemblies (7ms)
				RefreshPlugins (1ms)
				BeforeProcessingInitializeOnLoad (60ms)
				ProcessInitializeOnLoadAttributes (221ms)
				ProcessInitializeOnLoadMethodAttributes (129ms)
				AfterProcessingInitializeOnLoad (5ms)
				EditorAssembliesLoaded (0ms)
			ExecutionOrderSort2 (0ms)
			AwakeInstancesAfterBackupRestoration (6ms)
Platform modules already initialized, skipping
Refreshing native plugins compatible for Editor in 3.46 ms, found 2 plugins.
Preloading 0 native plugins for Editor in 0.00 ms.
Unloading 2412 Unused Serialized files (Serialized files now loaded: 0)
Unloading 43 unused Assets / (25.7 KB). Loaded Objects now: 2926.
Memory consumption went from 387.7 MB to 387.6 MB.
Total: 6.619200 ms (FindLiveObjects: 0.231500 ms CreateObjectMapping: 0.166600 ms MarkObjects: 6.185500 ms  DeleteObjects: 0.034200 ms)

AssetImportParameters requested are different than current active one (requested -> active):
  custom:video-decoder-ogg-theora: a1e56fd34408186e4bbccfd4996cb3dc -> 
  custom:container-muxer-webm: aa71ff27fc2769a1b78a27578f13a17b -> 
  custom:container-demuxer-webm: 4f35f7cbe854078d1ac9338744f61a02 -> 
  custom:video-encoder-webm-vp8: eb34c28f22e8b96e1ab97ce403110664 -> 
  custom:video-codec-MediaFoundation-h265: 746d11721c4dcdbdad8f713fa42b33f4 -> 
  custom:audio-encoder-webm-vorbis: bf7c407c2cedff20999df2af8eb42d56 -> 
  custom:framework-win-MediaFoundation: 216162199b28c13a410421893ffa2e32 -> 
  custom:container-demuxer-ogg: 62fdf1f143b41e24485cea50d1cbac27 -> 
  custom:video-decoder-webm-vp8: 9c59270c3fd7afecdb556c50c9e8de78 -> 
  custom:audio-decoder-ogg-vorbis: bf7c407c2cedff20999df2af8eb42d56 -> 
========================================================================
Received Import Request.
  Time since last request: 10.982904 seconds.
  path: Assets/AssetStoreTools/Editor/AssetStoreTools.dll
  artifactKey: Guid(46975cd389724d0499db55591d961a35) Importer(815301076,1909f56bfc062723c751e8b465ee728b)
Start importing Assets/AssetStoreTools/Editor/AssetStoreTools.dll using Guid(46975cd389724d0499db55591d961a35) Importer(815301076,1909f56bfc062723c751e8b465ee728b)  -> (artifact id: '297914d3a14b86aaacdfc34d913f59e9') in 0.004235 seconds 
========================================================================
Received Prepare
Registering precompiled user dll's ...
Registered in 0.003768 seconds.
Begin MonoManager ReloadAssembly
Native extension for WindowsStandalone target not found
Native extension for WebGL target not found
Refreshing native plugins compatible for Editor in 1.01 ms, found 2 plugins.
Preloading 0 native plugins for Editor in 0.00 ms.
[Package Manager] Server::EnsureServerProcessIsRunning -- launch failed, reason: Unity was launched with the -noUpm command-line argument
[Package Manager] UpmClient::Send -- Unable to send message (not connected to UPM process).
[Package Manager] Cannot connect to Unity Package Manager local server
Mono: successfully reloaded assembly
- Completed reload, in  1.059 seconds
Domain Reload Profiling:
	ReloadAssembly (1060ms)
		BeginReloadAssembly (126ms)
			ExecutionOrderSort (0ms)
			DisableScriptedObjects (7ms)
			BackupInstance (0ms)
			ReleaseScriptingObjects (0ms)
			CreateAndSetChildDomain (31ms)
		EndReloadAssembly (839ms)
			LoadAssemblies (82ms)
			RebuildTransferFunctionScriptingTraits (0ms)
			SetupTypeCache (230ms)
				TypeCache.Initialize (225ms)
					TypeCache.ScanAssembly (221ms)
				ResolveRequiredComponents (5ms)
			ReleaseScriptCaches (1ms)
			RebuildScriptCaches (48ms)
			SetupLoadedEditorAssemblies (422ms)
				LogAssemblyErrors (0ms)
				InitializePlatformSupportModulesInManaged (17ms)
				SetLoadedEditorAssemblies (9ms)
				RefreshPlugins (1ms)
				BeforeProcessingInitializeOnLoad (64ms)
				ProcessInitializeOnLoadAttributes (198ms)
				ProcessInitializeOnLoadMethodAttributes (128ms)
				AfterProcessingInitializeOnLoad (5ms)
				EditorAssembliesLoaded (0ms)
			ExecutionOrderSort2 (0ms)
			AwakeInstancesAfterBackupRestoration (6ms)
Platform modules already initialized, skipping
Refreshing native plugins compatible for Editor in 3.21 ms, found 2 plugins.
Preloading 0 native plugins for Editor in 0.00 ms.
Unloading 2412 Unused Serialized files (Serialized files now loaded: 0)
Unloading 43 unused Assets / (25.7 KB). Loaded Objects now: 2929.
Memory consumption went from 387.7 MB to 387.6 MB.
Total: 5.788200 ms (FindLiveObjects: 0.164400 ms CreateObjectMapping: 0.094200 ms MarkObjects: 5.485900 ms  DeleteObjects: 0.042800 ms)

AssetImportParameters requested are different than current active one (requested -> active):
  custom:video-decoder-ogg-theora: a1e56fd34408186e4bbccfd4996cb3dc -> 
  custom:container-muxer-webm: aa71ff27fc2769a1b78a27578f13a17b -> 
  custom:container-demuxer-webm: 4f35f7cbe854078d1ac9338744f61a02 -> 
  custom:video-encoder-webm-vp8: eb34c28f22e8b96e1ab97ce403110664 -> 
  custom:video-codec-MediaFoundation-h265: 746d11721c4dcdbdad8f713fa42b33f4 -> 
  custom:audio-encoder-webm-vorbis: bf7c407c2cedff20999df2af8eb42d56 -> 
  custom:framework-win-MediaFoundation: 216162199b28c13a410421893ffa2e32 -> 
  custom:container-demuxer-ogg: 62fdf1f143b41e24485cea50d1cbac27 -> 
  custom:video-decoder-webm-vp8: 9c59270c3fd7afecdb556c50c9e8de78 -> 
  custom:audio-decoder-ogg-vorbis: bf7c407c2cedff20999df2af8eb42d56 -> 
========================================================================
Received Prepare
Registering precompiled user dll's ...
Registered in 0.003256 seconds.
Begin MonoManager ReloadAssembly
Native extension for WindowsStandalone target not found
Native extension for WebGL target not found
Refreshing native plugins compatible for Editor in 0.84 ms, found 2 plugins.
Preloading 0 native plugins for Editor in 0.00 ms.
[Package Manager] Server::EnsureServerProcessIsRunning -- launch failed, reason: Unity was launched with the -noUpm command-line argument
[Package Manager] UpmClient::Send -- Unable to send message (not connected to UPM process).
[Package Manager] Cannot connect to Unity Package Manager local server
Mono: successfully reloaded assembly
- Completed reload, in  1.042 seconds
Domain Reload Profiling:
	ReloadAssembly (1043ms)
		BeginReloadAssembly (139ms)
			ExecutionOrderSort (0ms)
			DisableScriptedObjects (8ms)
			BackupInstance (0ms)
			ReleaseScriptingObjects (0ms)
			CreateAndSetChildDomain (38ms)
		EndReloadAssembly (803ms)
			LoadAssemblies (83ms)
			RebuildTransferFunctionScriptingTraits (0ms)
			SetupTypeCache (201ms)
				TypeCache.Initialize (197ms)
					TypeCache.ScanAssembly (194ms)
				ResolveRequiredComponents (3ms)
			ReleaseScriptCaches (1ms)
			RebuildScriptCaches (41ms)
			SetupLoadedEditorAssemblies (440ms)
				LogAssemblyErrors (0ms)
				InitializePlatformSupportModulesInManaged (12ms)
				SetLoadedEditorAssemblies (9ms)
				RefreshPlugins (1ms)
				BeforeProcessingInitializeOnLoad (67ms)
				ProcessInitializeOnLoadAttributes (219ms)
				ProcessInitializeOnLoadMethodAttributes (127ms)
				AfterProcessingInitializeOnLoad (5ms)
				EditorAssembliesLoaded (0ms)
			ExecutionOrderSort2 (0ms)
			AwakeInstancesAfterBackupRestoration (6ms)
Platform modules already initialized, skipping
Refreshing native plugins compatible for Editor in 3.04 ms, found 2 plugins.
Preloading 0 native plugins for Editor in 0.00 ms.
Unloading 2411 Unused Serialized files (Serialized files now loaded: 0)
Unloading 41 unused Assets / (32.5 KB). Loaded Objects now: 2932.
Memory consumption went from 387.6 MB to 387.6 MB.
Total: 5.663300 ms (FindLiveObjects: 0.176700 ms CreateObjectMapping: 0.090100 ms MarkObjects: 5.369200 ms  DeleteObjects: 0.026500 ms)

AssetImportParameters requested are different than current active one (requested -> active):
  custom:video-decoder-ogg-theora: a1e56fd34408186e4bbccfd4996cb3dc -> 
  custom:container-muxer-webm: aa71ff27fc2769a1b78a27578f13a17b -> 
  custom:container-demuxer-webm: 4f35f7cbe854078d1ac9338744f61a02 -> 
  custom:video-encoder-webm-vp8: eb34c28f22e8b96e1ab97ce403110664 -> 
  custom:video-codec-MediaFoundation-h265: 746d11721c4dcdbdad8f713fa42b33f4 -> 
  custom:audio-encoder-webm-vorbis: bf7c407c2cedff20999df2af8eb42d56 -> 
  custom:framework-win-MediaFoundation: 216162199b28c13a410421893ffa2e32 -> 
  custom:container-demuxer-ogg: 62fdf1f143b41e24485cea50d1cbac27 -> 
  custom:video-decoder-webm-vp8: 9c59270c3fd7afecdb556c50c9e8de78 -> 
  custom:audio-decoder-ogg-vorbis: bf7c407c2cedff20999df2af8eb42d56 -> 
========================================================================
Received Prepare
Refreshing native plugins compatible for Editor in 21.23 ms, found 2 plugins.
Preloading 0 native plugins for Editor in 0.00 ms.
Unloading 41 Unused Serialized files (Serialized files now loaded: 0)
Unloading 41 unused Assets / (29.8 KB). Loaded Objects now: 2932.
Memory consumption went from 67.2 MB to 67.2 MB.
Total: 8.828600 ms (FindLiveObjects: 0.244100 ms CreateObjectMapping: 0.166500 ms MarkObjects: 8.375300 ms  DeleteObjects: 0.041500 ms)

AssetImportParameters requested are different than current active one (requested -> active):
  custom:video-decoder-ogg-theora: a1e56fd34408186e4bbccfd4996cb3dc -> 
  custom:container-muxer-webm: aa71ff27fc2769a1b78a27578f13a17b -> 
  custom:container-demuxer-webm: 4f35f7cbe854078d1ac9338744f61a02 -> 
  custom:video-encoder-webm-vp8: eb34c28f22e8b96e1ab97ce403110664 -> 
  custom:video-codec-MediaFoundation-h265: 746d11721c4dcdbdad8f713fa42b33f4 -> 
  custom:audio-encoder-webm-vorbis: bf7c407c2cedff20999df2af8eb42d56 -> 
  custom:framework-win-MediaFoundation: 216162199b28c13a410421893ffa2e32 -> 
  custom:container-demuxer-ogg: 62fdf1f143b41e24485cea50d1cbac27 -> 
  custom:video-decoder-webm-vp8: 9c59270c3fd7afecdb556c50c9e8de78 -> 
  custom:audio-decoder-ogg-vorbis: bf7c407c2cedff20999df2af8eb42d56 -> 
========================================================================
Received Prepare
Refreshing native plugins compatible for Editor in 7.91 ms, found 2 plugins.
Preloading 0 native plugins for Editor in 0.00 ms.
Unloading 41 Unused Serialized files (Serialized files now loaded: 0)
Unloading 41 unused Assets / (29.8 KB). Loaded Objects now: 2932.
Memory consumption went from 67.2 MB to 67.2 MB.
Total: 7.704400 ms (FindLiveObjects: 0.206300 ms CreateObjectMapping: 0.111800 ms MarkObjects: 7.348500 ms  DeleteObjects: 0.036100 ms)

AssetImportParameters requested are different than current active one (requested -> active):
  custom:video-decoder-ogg-theora: a1e56fd34408186e4bbccfd4996cb3dc -> 
  custom:container-muxer-webm: aa71ff27fc2769a1b78a27578f13a17b -> 
  custom:container-demuxer-webm: 4f35f7cbe854078d1ac9338744f61a02 -> 
  custom:video-encoder-webm-vp8: eb34c28f22e8b96e1ab97ce403110664 -> 
  custom:video-codec-MediaFoundation-h265: 746d11721c4dcdbdad8f713fa42b33f4 -> 
  custom:audio-encoder-webm-vorbis: bf7c407c2cedff20999df2af8eb42d56 -> 
  custom:framework-win-MediaFoundation: 216162199b28c13a410421893ffa2e32 -> 
  custom:container-demuxer-ogg: 62fdf1f143b41e24485cea50d1cbac27 -> 
  custom:video-decoder-webm-vp8: 9c59270c3fd7afecdb556c50c9e8de78 -> 
  custom:audio-decoder-ogg-vorbis: bf7c407c2cedff20999df2af8eb42d56 -> 
========================================================================
Received Import Request.
  Time since last request: 1090.942766 seconds.
  path: Assets/AkibTreeView
  artifactKey: Guid(442fbc8a7692e714a9b7849474268533) Importer(815301076,1909f56bfc062723c751e8b465ee728b)
Start importing Assets/AkibTreeView using Guid(442fbc8a7692e714a9b7849474268533) Importer(815301076,1909f56bfc062723c751e8b465ee728b)  -> (artifact id: '618dabdcc31074faf679d62f72f4f8ec') in 0.007645 seconds 
========================================================================
Received Import Request.
  Time since last request: 75.389069 seconds.
  path: Assets/AkibTreeView/UIControls/VirtualizingTreeView/Demo/VirtualizingTreeView_AddItems.unity
  artifactKey: Guid(a3fdefbc62b8e704e96bab19b9dbc691) Importer(815301076,1909f56bfc062723c751e8b465ee728b)
Start importing Assets/AkibTreeView/UIControls/VirtualizingTreeView/Demo/VirtualizingTreeView_AddItems.unity using Guid(a3fdefbc62b8e704e96bab19b9dbc691) Importer(815301076,1909f56bfc062723c751e8b465ee728b)  -> (artifact id: 'a24fbfdfc4d7c73bb51f17cfc48fbc8d') in 0.006870 seconds 
========================================================================
Received Import Request.
  Time since last request: 10.450572 seconds.
  path: Assets/AkibTreeView/UIControls/VirtualizingTreeView/Demo/VirtualizingTreeView_AddItemsSettings.lighting
  artifactKey: Guid(67cc186bdc91e6e40ab52e1a372d7514) Importer(815301076,1909f56bfc062723c751e8b465ee728b)
Start importing Assets/AkibTreeView/UIControls/VirtualizingTreeView/Demo/VirtualizingTreeView_AddItemsSettings.lighting using Guid(67cc186bdc91e6e40ab52e1a372d7514) Importer(815301076,1909f56bfc062723c751e8b465ee728b) LightingSettings: switching bake backend from 1 to 0.
 -> (artifact id: '7e630a2575d252846f00c08bda35a530') in 0.018555 seconds 
========================================================================
Received Import Request.
  Time since last request: 16.047403 seconds.
  path: Assets/AkibTreeView/UIControls/VirtualizingTreeView/Demo/Resources/cube.png
  artifactKey: Guid(ee06577ec25330c4db73ae23b17c90c3) Importer(815301076,1909f56bfc062723c751e8b465ee728b)
Start importing Assets/AkibTreeView/UIControls/VirtualizingTreeView/Demo/Resources/cube.png using Guid(ee06577ec25330c4db73ae23b17c90c3) Importer(815301076,1909f56bfc062723c751e8b465ee728b)  -> (artifact id: '6966f6f5e2ff3e0fe9cedc36dd9e30ea') in 0.047609 seconds 
========================================================================
Received Import Request.
  Time since last request: 1.327336 seconds.
  path: Assets/AkibTreeView/UIControls/VirtualizingTreeView/Demo/Resources/Sky_c04.png
  artifactKey: Guid(8f35c7238e12c2747bc4b6089b39b6eb) Importer(815301076,1909f56bfc062723c751e8b465ee728b)
Start importing Assets/AkibTreeView/UIControls/VirtualizingTreeView/Demo/Resources/Sky_c04.png using Guid(8f35c7238e12c2747bc4b6089b39b6eb) Importer(815301076,1909f56bfc062723c751e8b465ee728b)  -> (artifact id: 'cccd0c198ce104c24658629b4a623a09') in 0.013031 seconds 
========================================================================
Received Import Request.
  Time since last request: 0.000015 seconds.
  path: Assets/AkibTreeView/UIControls/VirtualizingTreeView/Demo/Resources/Sky_c03.png
  artifactKey: Guid(c434f018e4128474c96914a376a22ed5) Importer(815301076,1909f56bfc062723c751e8b465ee728b)
Start importing Assets/AkibTreeView/UIControls/VirtualizingTreeView/Demo/Resources/Sky_c03.png using Guid(c434f018e4128474c96914a376a22ed5) Importer(815301076,1909f56bfc062723c751e8b465ee728b)  -> (artifact id: 'b61ae796a31df20eb099828264bea5c1') in 0.013033 seconds 
========================================================================
Received Import Request.
  Time since last request: 0.000015 seconds.
  path: Assets/AkibTreeView/UIControls/VirtualizingTreeView/Demo/Resources/Sky_c00.png
  artifactKey: Guid(7b4f885b6262af44babee0cd8e03587d) Importer(815301076,1909f56bfc062723c751e8b465ee728b)
Start importing Assets/AkibTreeView/UIControls/VirtualizingTreeView/Demo/Resources/Sky_c00.png using Guid(7b4f885b6262af44babee0cd8e03587d) Importer(815301076,1909f56bfc062723c751e8b465ee728b)  -> (artifact id: 'bb843b1b1d180d8bc34c16b4630f886d') in 0.011142 seconds 
========================================================================
Received Import Request.
  Time since last request: 0.000015 seconds.
  path: Assets/AkibTreeView/UIControls/VirtualizingTreeView/Demo/Resources/Sky_c02.png
  artifactKey: Guid(e5861736ae1dd9b4cb4a50ef311d1df7) Importer(815301076,1909f56bfc062723c751e8b465ee728b)
Start importing Assets/AkibTreeView/UIControls/VirtualizingTreeView/Demo/Resources/Sky_c02.png using Guid(e5861736ae1dd9b4cb4a50ef311d1df7) Importer(815301076,1909f56bfc062723c751e8b465ee728b)  -> (artifact id: '46a0aeba85345bdae9110263cea9b0ee') in 0.011794 seconds 
========================================================================
Received Import Request.
  Time since last request: 0.000016 seconds.
  path: Assets/AkibTreeView/UIControls/VirtualizingTreeView/Demo/Resources/Sky_c01.png
  artifactKey: Guid(6763e8bf384d35444a196a0d89f1fd9f) Importer(815301076,1909f56bfc062723c751e8b465ee728b)
Start importing Assets/AkibTreeView/UIControls/VirtualizingTreeView/Demo/Resources/Sky_c01.png using Guid(6763e8bf384d35444a196a0d89f1fd9f) Importer(815301076,1909f56bfc062723c751e8b465ee728b)  -> (artifact id: 'ddd01f7b9e7ac88fd46bc5c392fce5b0') in 0.012159 seconds 
========================================================================
Received Import Request.
  Time since last request: 0.000016 seconds.
  path: Assets/AkibTreeView/UIControls/VirtualizingTreeView/Demo/Resources/Sky_c05.png
  artifactKey: Guid(500313728fab2874b84fc037b7ff5ba8) Importer(815301076,1909f56bfc062723c751e8b465ee728b)
Start importing Assets/AkibTreeView/UIControls/VirtualizingTreeView/Demo/Resources/Sky_c05.png using Guid(500313728fab2874b84fc037b7ff5ba8) Importer(815301076,1909f56bfc062723c751e8b465ee728b)  -> (artifact id: 'e5b487d7ec164a36e88af201d9cc4896') in 0.011473 seconds 
========================================================================
Received Import Request.
  Time since last request: 23.371581 seconds.
  path: Assets/AkibTreeView/UIControls/VirtualizingTreeView/Prefabs/TreeView.prefab
  artifactKey: Guid(3501fc63b6a4f834fb6eb06eab3b9ee8) Importer(815301076,1909f56bfc062723c751e8b465ee728b)
Start importing Assets/AkibTreeView/UIControls/VirtualizingTreeView/Prefabs/TreeView.prefab using Guid(3501fc63b6a4f834fb6eb06eab3b9ee8) Importer(815301076,1909f56bfc062723c751e8b465ee728b)  -> (artifact id: '6f1e6c218513a350591850ac96c0a1f2') in 0.032905 seconds 
========================================================================
Received Import Request.
  Time since last request: 2.674625 seconds.
  path: Assets/AkibTreeView/UIControls/VirtualizingTreeView/Prefabs/TreeViewItem.prefab
  artifactKey: Guid(c1a1ed5be49ce9d489bfdb8f2f5dbf9f) Importer(815301076,1909f56bfc062723c751e8b465ee728b)
Start importing Assets/AkibTreeView/UIControls/VirtualizingTreeView/Prefabs/TreeViewItem.prefab using Guid(c1a1ed5be49ce9d489bfdb8f2f5dbf9f) Importer(815301076,1909f56bfc062723c751e8b465ee728b)  -> (artifact id: 'e1ddb3934990c14c2d3aa1cb1abffa85') in 0.009271 seconds 
========================================================================
Received Import Request.
  Time since last request: 1.668689 seconds.
  path: Assets/AkibTreeView/UIControls/VirtualizingTreeView/Prefabs/VirtualizingListBox.prefab
  artifactKey: Guid(570a31acaaeb2ef4db5b68b3f2f65c8c) Importer(815301076,1909f56bfc062723c751e8b465ee728b)
Start importing Assets/AkibTreeView/UIControls/VirtualizingTreeView/Prefabs/VirtualizingListBox.prefab using Guid(570a31acaaeb2ef4db5b68b3f2f65c8c) Importer(815301076,1909f56bfc062723c751e8b465ee728b)  -> (artifact id: 'ddf98e296ea7017bcd91411dc8035832') in 0.009551 seconds 
========================================================================
Received Import Request.
  Time since last request: 2.815406 seconds.
  path: Assets/AkibTreeView/UIControls/VirtualizingTreeView/Prefabs/VirtualizingListBoxItem.prefab
  artifactKey: Guid(ff2b220af92e2af4e8642c53a1268c2d) Importer(815301076,1909f56bfc062723c751e8b465ee728b)
Start importing Assets/AkibTreeView/UIControls/VirtualizingTreeView/Prefabs/VirtualizingListBoxItem.prefab using Guid(ff2b220af92e2af4e8642c53a1268c2d) Importer(815301076,1909f56bfc062723c751e8b465ee728b)  -> (artifact id: '17e9f09468696ca6ff05fc4edc0ecb86') in 0.007780 seconds 
========================================================================
Received Import Request.
  Time since last request: 3.732221 seconds.
  path: Assets/AkibTreeView/UIControls/VirtualizingTreeView/Prefabs/VirtualizingScrollView.prefab
  artifactKey: Guid(c2ac87ab2498c574d88baeb8692a6b3c) Importer(815301076,1909f56bfc062723c751e8b465ee728b)
Start importing Assets/AkibTreeView/UIControls/VirtualizingTreeView/Prefabs/VirtualizingScrollView.prefab using Guid(c2ac87ab2498c574d88baeb8692a6b3c) Importer(815301076,1909f56bfc062723c751e8b465ee728b)  -> (artifact id: '6aef896ffa772b899e19b6ae3f2f3569') in 0.008171 seconds 
========================================================================
Received Import Request.
  Time since last request: 1.531798 seconds.
  path: Assets/AkibTreeView/UIControls/VirtualizingTreeView/Prefabs/VirtualizingTreeView.prefab
  artifactKey: Guid(d77568dc1039d5c4e9f5a9ec705072e1) Importer(815301076,1909f56bfc062723c751e8b465ee728b)
Start importing Assets/AkibTreeView/UIControls/VirtualizingTreeView/Prefabs/VirtualizingTreeView.prefab using Guid(d77568dc1039d5c4e9f5a9ec705072e1) Importer(815301076,1909f56bfc062723c751e8b465ee728b)  -> (artifact id: 'ab2817ceeb0acb7a7cf0d2af8707173b') in 0.009896 seconds 
========================================================================
Received Import Request.
  Time since last request: 1.311729 seconds.
  path: Assets/AkibTreeView/UIControls/VirtualizingTreeView/Prefabs/VirtualizingTreeViewItem.prefab
  artifactKey: Guid(953526ada23d0034aae84e0ae61808c1) Importer(815301076,1909f56bfc062723c751e8b465ee728b)
Start importing Assets/AkibTreeView/UIControls/VirtualizingTreeView/Prefabs/VirtualizingTreeViewItem.prefab using Guid(953526ada23d0034aae84e0ae61808c1) Importer(815301076,1909f56bfc062723c751e8b465ee728b)  -> (artifact id: '21933272f1c5e58c767370a8cb843867') in 0.008774 seconds 
========================================================================
Received Import Request.
  Time since last request: 2.191170 seconds.
  path: Assets/AkibTreeView/UIControls/VirtualizingTreeView/Prefabs/VirtualizingTreeViewItemWithToggle.prefab
  artifactKey: Guid(10f2f971c5b6e5a4895e214b6384c192) Importer(815301076,1909f56bfc062723c751e8b465ee728b)
Start importing Assets/AkibTreeView/UIControls/VirtualizingTreeView/Prefabs/VirtualizingTreeViewItemWithToggle.prefab using Guid(10f2f971c5b6e5a4895e214b6384c192) Importer(815301076,1909f56bfc062723c751e8b465ee728b)  -> (artifact id: '437513b264f6287568318d164b569869') in 0.010385 seconds 
========================================================================
Received Import Request.
  Time since last request: 19.080752 seconds.
  path: Assets/AkibTreeView/UIControls/VirtualizingTreeView/Demo/Scripts/Rotation.cs
  artifactKey: Guid(b675a2c8fcc8c644aba50175b1dbc021) Importer(815301076,1909f56bfc062723c751e8b465ee728b)
Start importing Assets/AkibTreeView/UIControls/VirtualizingTreeView/Demo/Scripts/Rotation.cs using Guid(b675a2c8fcc8c644aba50175b1dbc021) Importer(815301076,1909f56bfc062723c751e8b465ee728b)  -> (artifact id: '41d46acfb279ffefb0218c144dc83d94') in 0.005435 seconds 
========================================================================
Received Prepare
Registering precompiled user dll's ...
Registered in 0.003922 seconds.
Begin MonoManager ReloadAssembly
Native extension for WindowsStandalone target not found
Native extension for WebGL target not found
Refreshing native plugins compatible for Editor in 0.61 ms, found 2 plugins.
Preloading 0 native plugins for Editor in 0.00 ms.
[Package Manager] Server::EnsureServerProcessIsRunning -- launch failed, reason: Unity was launched with the -noUpm command-line argument
[Package Manager] UpmClient::Send -- Unable to send message (not connected to UPM process).
[Package Manager] Cannot connect to Unity Package Manager local server
Mono: successfully reloaded assembly
- Completed reload, in  1.059 seconds
Domain Reload Profiling:
	ReloadAssembly (1059ms)
		BeginReloadAssembly (121ms)
			ExecutionOrderSort (0ms)
			DisableScriptedObjects (7ms)
			BackupInstance (0ms)
			ReleaseScriptingObjects (0ms)
			CreateAndSetChildDomain (33ms)
		EndReloadAssembly (850ms)
			LoadAssemblies (73ms)
			RebuildTransferFunctionScriptingTraits (0ms)
			SetupTypeCache (208ms)
				TypeCache.Initialize (203ms)
					TypeCache.ScanAssembly (198ms)
				ResolveRequiredComponents (5ms)
			ReleaseScriptCaches (1ms)
			RebuildScriptCaches (55ms)
			SetupLoadedEditorAssemblies (445ms)
				LogAssemblyErrors (0ms)
				InitializePlatformSupportModulesInManaged (14ms)
				SetLoadedEditorAssemblies (8ms)
				RefreshPlugins (1ms)
				BeforeProcessingInitializeOnLoad (65ms)
				ProcessInitializeOnLoadAttributes (213ms)
				ProcessInitializeOnLoadMethodAttributes (138ms)
				AfterProcessingInitializeOnLoad (5ms)
				EditorAssembliesLoaded (0ms)
			ExecutionOrderSort2 (0ms)
			AwakeInstancesAfterBackupRestoration (7ms)
Platform modules already initialized, skipping
Refreshing native plugins compatible for Editor in 3.12 ms, found 2 plugins.
Preloading 0 native plugins for Editor in 0.00 ms.
Unloading 2409 Unused Serialized files (Serialized files now loaded: 0)
Unloading 47 unused Assets / (29.4 KB). Loaded Objects now: 2938.
Memory consumption went from 387.4 MB to 387.4 MB.
Total: 5.417800 ms (FindLiveObjects: 0.175400 ms CreateObjectMapping: 0.079100 ms MarkObjects: 5.094200 ms  DeleteObjects: 0.068000 ms)

AssetImportParameters requested are different than current active one (requested -> active):
  custom:video-decoder-ogg-theora: a1e56fd34408186e4bbccfd4996cb3dc -> 
  custom:container-muxer-webm: aa71ff27fc2769a1b78a27578f13a17b -> 
  custom:container-demuxer-webm: 4f35f7cbe854078d1ac9338744f61a02 -> 
  custom:video-encoder-webm-vp8: eb34c28f22e8b96e1ab97ce403110664 -> 
  custom:video-codec-MediaFoundation-h265: 746d11721c4dcdbdad8f713fa42b33f4 -> 
  custom:audio-encoder-webm-vorbis: bf7c407c2cedff20999df2af8eb42d56 -> 
  custom:framework-win-MediaFoundation: 216162199b28c13a410421893ffa2e32 -> 
  custom:container-demuxer-ogg: 62fdf1f143b41e24485cea50d1cbac27 -> 
  custom:video-decoder-webm-vp8: 9c59270c3fd7afecdb556c50c9e8de78 -> 
  custom:audio-decoder-ogg-vorbis: bf7c407c2cedff20999df2af8eb42d56 -> 
========================================================================
Received Import Request.
  Time since last request: 10.309688 seconds.
  path: Assets/AkibTreeView/UIControls/VirtualizingTreeView/Demo/Scripts/TreeViewDemo.cs
  artifactKey: Guid(f90e8b377a780db49841f9332d3b5e69) Importer(815301076,1909f56bfc062723c751e8b465ee728b)
Start importing Assets/AkibTreeView/UIControls/VirtualizingTreeView/Demo/Scripts/TreeViewDemo.cs using Guid(f90e8b377a780db49841f9332d3b5e69) Importer(815301076,1909f56bfc062723c751e8b465ee728b)  -> (artifact id: '692fb9647fb8d63b9afb9aba0fb80f87') in 0.007330 seconds 
========================================================================
Received Import Request.
  Time since last request: 26.799855 seconds.
  path: Assets/AkibTreeView/UIControls/VirtualizingTreeView/Demo/Scripts/ToggleGameObjectState.cs
  artifactKey: Guid(f3f573edbbc14934c846b268d5c102ec) Importer(815301076,1909f56bfc062723c751e8b465ee728b)
Start importing Assets/AkibTreeView/UIControls/VirtualizingTreeView/Demo/Scripts/ToggleGameObjectState.cs using Guid(f3f573edbbc14934c846b268d5c102ec) Importer(815301076,1909f56bfc062723c751e8b465ee728b)  -> (artifact id: 'b43be1b92c8961ffb16d2d7e79058df3') in 0.005667 seconds 
========================================================================
Received Prepare
Registering precompiled user dll's ...
Registered in 0.003348 seconds.
Begin MonoManager ReloadAssembly
Native extension for WindowsStandalone target not found
Native extension for WebGL target not found
Refreshing native plugins compatible for Editor in 0.62 ms, found 2 plugins.
Preloading 0 native plugins for Editor in 0.00 ms.
[Package Manager] Server::EnsureServerProcessIsRunning -- launch failed, reason: Unity was launched with the -noUpm command-line argument
[Package Manager] UpmClient::Send -- Unable to send message (not connected to UPM process).
[Package Manager] Cannot connect to Unity Package Manager local server
Mono: successfully reloaded assembly
- Completed reload, in  1.095 seconds
Domain Reload Profiling:
	ReloadAssembly (1096ms)
		BeginReloadAssembly (147ms)
			ExecutionOrderSort (0ms)
			DisableScriptedObjects (10ms)
			BackupInstance (0ms)
			ReleaseScriptingObjects (0ms)
			CreateAndSetChildDomain (40ms)
		EndReloadAssembly (829ms)
			LoadAssemblies (85ms)
			RebuildTransferFunctionScriptingTraits (0ms)
			SetupTypeCache (228ms)
				TypeCache.Initialize (224ms)
					TypeCache.ScanAssembly (220ms)
				ResolveRequiredComponents (3ms)
			ReleaseScriptCaches (1ms)
			RebuildScriptCaches (42ms)
			SetupLoadedEditorAssemblies (429ms)
				LogAssemblyErrors (0ms)
				InitializePlatformSupportModulesInManaged (14ms)
				SetLoadedEditorAssemblies (9ms)
				RefreshPlugins (1ms)
				BeforeProcessingInitializeOnLoad (68ms)
				ProcessInitializeOnLoadAttributes (204ms)
				ProcessInitializeOnLoadMethodAttributes (127ms)
				AfterProcessingInitializeOnLoad (5ms)
				EditorAssembliesLoaded (0ms)
			ExecutionOrderSort2 (0ms)
			AwakeInstancesAfterBackupRestoration (6ms)
Platform modules already initialized, skipping
Refreshing native plugins compatible for Editor in 3.41 ms, found 2 plugins.
Preloading 0 native plugins for Editor in 0.00 ms.
Unloading 2408 Unused Serialized files (Serialized files now loaded: 0)
Unloading 42 unused Assets / (25.5 KB). Loaded Objects now: 2940.
Memory consumption went from 387.3 MB to 387.2 MB.
Total: 5.913600 ms (FindLiveObjects: 0.168600 ms CreateObjectMapping: 0.091400 ms MarkObjects: 5.623100 ms  DeleteObjects: 0.029400 ms)

AssetImportParameters requested are different than current active one (requested -> active):
  custom:video-decoder-ogg-theora: a1e56fd34408186e4bbccfd4996cb3dc -> 
  custom:container-muxer-webm: aa71ff27fc2769a1b78a27578f13a17b -> 
  custom:container-demuxer-webm: 4f35f7cbe854078d1ac9338744f61a02 -> 
  custom:video-encoder-webm-vp8: eb34c28f22e8b96e1ab97ce403110664 -> 
  custom:video-codec-MediaFoundation-h265: 746d11721c4dcdbdad8f713fa42b33f4 -> 
  custom:audio-encoder-webm-vorbis: bf7c407c2cedff20999df2af8eb42d56 -> 
  custom:framework-win-MediaFoundation: 216162199b28c13a410421893ffa2e32 -> 
  custom:container-demuxer-ogg: 62fdf1f143b41e24485cea50d1cbac27 -> 
  custom:video-decoder-webm-vp8: 9c59270c3fd7afecdb556c50c9e8de78 -> 
  custom:audio-decoder-ogg-vorbis: bf7c407c2cedff20999df2af8eb42d56 -> 
========================================================================
Received Import Request.
  Time since last request: 8.876207 seconds.
  path: Assets/AkibTreeView/UIControls/VirtualizingTreeView/Demo/Scripts/VirtualizingExternalDragItem.cs
  artifactKey: Guid(8304e31b0322d414cad8ef50a0400277) Importer(815301076,1909f56bfc062723c751e8b465ee728b)
Start importing Assets/AkibTreeView/UIControls/VirtualizingTreeView/Demo/Scripts/VirtualizingExternalDragItem.cs using Guid(8304e31b0322d414cad8ef50a0400277) Importer(815301076,1909f56bfc062723c751e8b465ee728b)  -> (artifact id: 'de15334a37fe0d1a69193f8414aa82a3') in 0.005721 seconds 
========================================================================
Received Import Request.
  Time since last request: 2.950584 seconds.
  path: Assets/AkibTreeView/UIControls/VirtualizingTreeView/Demo/Scripts/VirtualizingTreeViewDemo.cs
  artifactKey: Guid(536815d80a624f449a7115cf4c0dee67) Importer(815301076,1909f56bfc062723c751e8b465ee728b)
Start importing Assets/AkibTreeView/UIControls/VirtualizingTreeView/Demo/Scripts/VirtualizingTreeViewDemo.cs using Guid(536815d80a624f449a7115cf4c0dee67) Importer(815301076,1909f56bfc062723c751e8b465ee728b)  -> (artifact id: 'be4caf092028b7b4587daae85a6cbbe4') in 0.005425 seconds 
========================================================================
Received Prepare
Registering precompiled user dll's ...
Registered in 0.003936 seconds.
Begin MonoManager ReloadAssembly
Native extension for WindowsStandalone target not found
Native extension for WebGL target not found
Refreshing native plugins compatible for Editor in 0.62 ms, found 2 plugins.
Preloading 0 native plugins for Editor in 0.00 ms.
[Package Manager] Server::EnsureServerProcessIsRunning -- launch failed, reason: Unity was launched with the -noUpm command-line argument
[Package Manager] UpmClient::Send -- Unable to send message (not connected to UPM process).
[Package Manager] Cannot connect to Unity Package Manager local server
Mono: successfully reloaded assembly
- Completed reload, in  1.035 seconds
Domain Reload Profiling:
	ReloadAssembly (1035ms)
		BeginReloadAssembly (142ms)
			ExecutionOrderSort (0ms)
			DisableScriptedObjects (8ms)
			BackupInstance (0ms)
			ReleaseScriptingObjects (0ms)
			CreateAndSetChildDomain (33ms)
		EndReloadAssembly (805ms)
			LoadAssemblies (74ms)
			RebuildTransferFunctionScriptingTraits (0ms)
			SetupTypeCache (183ms)
				TypeCache.Initialize (180ms)
					TypeCache.ScanAssembly (176ms)
				ResolveRequiredComponents (3ms)
			ReleaseScriptCaches (1ms)
			RebuildScriptCaches (43ms)
			SetupLoadedEditorAssemblies (446ms)
				LogAssemblyErrors (0ms)
				InitializePlatformSupportModulesInManaged (15ms)
				SetLoadedEditorAssemblies (9ms)
				RefreshPlugins (1ms)
				BeforeProcessingInitializeOnLoad (67ms)
				ProcessInitializeOnLoadAttributes (210ms)
				ProcessInitializeOnLoadMethodAttributes (139ms)
				AfterProcessingInitializeOnLoad (6ms)
				EditorAssembliesLoaded (0ms)
			ExecutionOrderSort2 (0ms)
			AwakeInstancesAfterBackupRestoration (7ms)
Platform modules already initialized, skipping
Refreshing native plugins compatible for Editor in 3.65 ms, found 2 plugins.
Preloading 0 native plugins for Editor in 0.00 ms.
Unloading 2407 Unused Serialized files (Serialized files now loaded: 0)
Unloading 42 unused Assets / (25.5 KB). Loaded Objects now: 2942.
Memory consumption went from 387.1 MB to 387.1 MB.
Total: 6.681900 ms (FindLiveObjects: 0.237200 ms CreateObjectMapping: 0.139600 ms MarkObjects: 6.264400 ms  DeleteObjects: 0.039400 ms)

AssetImportParameters requested are different than current active one (requested -> active):
  custom:video-decoder-ogg-theora: a1e56fd34408186e4bbccfd4996cb3dc -> 
  custom:container-muxer-webm: aa71ff27fc2769a1b78a27578f13a17b -> 
  custom:container-demuxer-webm: 4f35f7cbe854078d1ac9338744f61a02 -> 
  custom:video-encoder-webm-vp8: eb34c28f22e8b96e1ab97ce403110664 -> 
  custom:video-codec-MediaFoundation-h265: 746d11721c4dcdbdad8f713fa42b33f4 -> 
  custom:audio-encoder-webm-vorbis: bf7c407c2cedff20999df2af8eb42d56 -> 
  custom:framework-win-MediaFoundation: 216162199b28c13a410421893ffa2e32 -> 
  custom:container-demuxer-ogg: 62fdf1f143b41e24485cea50d1cbac27 -> 
  custom:video-decoder-webm-vp8: 9c59270c3fd7afecdb556c50c9e8de78 -> 
  custom:audio-decoder-ogg-vorbis: bf7c407c2cedff20999df2af8eb42d56 -> 
========================================================================
Received Import Request.
  Time since last request: 15.263742 seconds.
  path: Assets/AkibTreeView/UIControls/VirtualizingTreeView/Demo/Scripts/VirtualizingTreeViewDemo_AddItems.cs
  artifactKey: Guid(c75fd1b4b08a8b64facce0869123d7b4) Importer(815301076,1909f56bfc062723c751e8b465ee728b)
Start importing Assets/AkibTreeView/UIControls/VirtualizingTreeView/Demo/Scripts/VirtualizingTreeViewDemo_AddItems.cs using Guid(c75fd1b4b08a8b64facce0869123d7b4) Importer(815301076,1909f56bfc062723c751e8b465ee728b)  -> (artifact id: '1f8b66d9e9ab0db2eb8ab9db6be2cd6d') in 0.006914 seconds 
========================================================================
Received Prepare
Registering precompiled user dll's ...
Registered in 0.003462 seconds.
Begin MonoManager ReloadAssembly
Native extension for WindowsStandalone target not found
Native extension for WebGL target not found
Refreshing native plugins compatible for Editor in 0.55 ms, found 2 plugins.
Preloading 0 native plugins for Editor in 0.00 ms.
[Package Manager] Server::EnsureServerProcessIsRunning -- launch failed, reason: Unity was launched with the -noUpm command-line argument
[Package Manager] UpmClient::Send -- Unable to send message (not connected to UPM process).
[Package Manager] Cannot connect to Unity Package Manager local server
Mono: successfully reloaded assembly
- Completed reload, in  0.995 seconds
Domain Reload Profiling:
	ReloadAssembly (996ms)
		BeginReloadAssembly (133ms)
			ExecutionOrderSort (0ms)
			DisableScriptedObjects (8ms)
			BackupInstance (0ms)
			ReleaseScriptingObjects (0ms)
			CreateAndSetChildDomain (39ms)
		EndReloadAssembly (772ms)
			LoadAssemblies (75ms)
			RebuildTransferFunctionScriptingTraits (0ms)
			SetupTypeCache (180ms)
				TypeCache.Initialize (176ms)
					TypeCache.ScanAssembly (172ms)
				ResolveRequiredComponents (4ms)
			ReleaseScriptCaches (1ms)
			RebuildScriptCaches (40ms)
			SetupLoadedEditorAssemblies (433ms)
				LogAssemblyErrors (0ms)
				InitializePlatformSupportModulesInManaged (12ms)
				SetLoadedEditorAssemblies (8ms)
				RefreshPlugins (1ms)
				BeforeProcessingInitializeOnLoad (58ms)
				ProcessInitializeOnLoadAttributes (223ms)
				ProcessInitializeOnLoadMethodAttributes (127ms)
				AfterProcessingInitializeOnLoad (5ms)
				EditorAssembliesLoaded (0ms)
			ExecutionOrderSort2 (0ms)
			AwakeInstancesAfterBackupRestoration (6ms)
Platform modules already initialized, skipping
Refreshing native plugins compatible for Editor in 3.24 ms, found 2 plugins.
Preloading 0 native plugins for Editor in 0.00 ms.
Unloading 2406 Unused Serialized files (Serialized files now loaded: 0)
Unloading 42 unused Assets / (25.5 KB). Loaded Objects now: 2944.
Memory consumption went from 387.0 MB to 387.0 MB.
Total: 6.294500 ms (FindLiveObjects: 0.238600 ms CreateObjectMapping: 0.179900 ms MarkObjects: 5.819400 ms  DeleteObjects: 0.055400 ms)

AssetImportParameters requested are different than current active one (requested -> active):
  custom:video-decoder-ogg-theora: a1e56fd34408186e4bbccfd4996cb3dc -> 
  custom:container-muxer-webm: aa71ff27fc2769a1b78a27578f13a17b -> 
  custom:container-demuxer-webm: 4f35f7cbe854078d1ac9338744f61a02 -> 
  custom:video-encoder-webm-vp8: eb34c28f22e8b96e1ab97ce403110664 -> 
  custom:video-codec-MediaFoundation-h265: 746d11721c4dcdbdad8f713fa42b33f4 -> 
  custom:audio-encoder-webm-vorbis: bf7c407c2cedff20999df2af8eb42d56 -> 
  custom:framework-win-MediaFoundation: 216162199b28c13a410421893ffa2e32 -> 
  custom:container-demuxer-ogg: 62fdf1f143b41e24485cea50d1cbac27 -> 
  custom:video-decoder-webm-vp8: 9c59270c3fd7afecdb556c50c9e8de78 -> 
  custom:audio-decoder-ogg-vorbis: bf7c407c2cedff20999df2af8eb42d56 -> 
========================================================================
Received Import Request.
  Time since last request: 10.965114 seconds.
  path: Assets/AkibTreeView/UIControls/VirtualizingTreeView/Scripts/Editor
  artifactKey: Guid(d7b1ad2848d8e224e9d9bd73433671f9) Importer(815301076,1909f56bfc062723c751e8b465ee728b)
Start importing Assets/AkibTreeView/UIControls/VirtualizingTreeView/Scripts/Editor using Guid(d7b1ad2848d8e224e9d9bd73433671f9) Importer(815301076,1909f56bfc062723c751e8b465ee728b)  -> (artifact id: '83e7843c392aec391137e3bd83a6cd06') in 0.005656 seconds 
========================================================================
Received Import Request.
  Time since last request: 1.250784 seconds.
  path: Assets/AkibTreeView/UIControls/VirtualizingTreeView/Scripts/Editor/VirtualizingScrollRectEditor.cs
  artifactKey: Guid(5e64691e189965244896527c6910fa84) Importer(815301076,1909f56bfc062723c751e8b465ee728b)
Start importing Assets/AkibTreeView/UIControls/VirtualizingTreeView/Scripts/Editor/VirtualizingScrollRectEditor.cs using Guid(5e64691e189965244896527c6910fa84) Importer(815301076,1909f56bfc062723c751e8b465ee728b)  -> (artifact id: '28f93caa4cc603f86c5dfcf6e8bf00b1') in 0.005570 seconds 
========================================================================
Received Import Request.
  Time since last request: 5.018289 seconds.
  path: Assets/AkibTreeView/UIControls/VirtualizingTreeView/Scripts/TreeView
  artifactKey: Guid(02661aca8186dee40a1396a1b3d32645) Importer(815301076,1909f56bfc062723c751e8b465ee728b)
Start importing Assets/AkibTreeView/UIControls/VirtualizingTreeView/Scripts/TreeView using Guid(02661aca8186dee40a1396a1b3d32645) Importer(815301076,1909f56bfc062723c751e8b465ee728b)  -> (artifact id: '5c513b7914c1669cf28299ce7f595b8a') in 0.001895 seconds 
========================================================================
Received Import Request.
  Time since last request: 30.706917 seconds.
  path: Assets/AkibTreeView/UIControls/VirtualizingTreeView/Demo/Scripts/ExternalDragItem.cs
  artifactKey: Guid(7ed8438a2aa5618479e8b2cb7760bde8) Importer(815301076,1909f56bfc062723c751e8b465ee728b)
Start importing Assets/AkibTreeView/UIControls/VirtualizingTreeView/Demo/Scripts/ExternalDragItem.cs using Guid(7ed8438a2aa5618479e8b2cb7760bde8) Importer(815301076,1909f56bfc062723c751e8b465ee728b)  -> (artifact id: 'f7c1c44409982d6ebfa70c808426e1da') in 0.005445 seconds 
========================================================================
Received Prepare
Registering precompiled user dll's ...
Registered in 0.003784 seconds.
Begin MonoManager ReloadAssembly
Native extension for WindowsStandalone target not found
Native extension for WebGL target not found
Refreshing native plugins compatible for Editor in 0.85 ms, found 2 plugins.
Preloading 0 native plugins for Editor in 0.00 ms.
[Package Manager] Server::EnsureServerProcessIsRunning -- launch failed, reason: Unity was launched with the -noUpm command-line argument
[Package Manager] UpmClient::Send -- Unable to send message (not connected to UPM process).
[Package Manager] Cannot connect to Unity Package Manager local server
Mono: successfully reloaded assembly
- Completed reload, in  1.074 seconds
Domain Reload Profiling:
	ReloadAssembly (1075ms)
		BeginReloadAssembly (127ms)
			ExecutionOrderSort (0ms)
			DisableScriptedObjects (8ms)
			BackupInstance (0ms)
			ReleaseScriptingObjects (0ms)
			CreateAndSetChildDomain (34ms)
		EndReloadAssembly (855ms)
			LoadAssemblies (75ms)
			RebuildTransferFunctionScriptingTraits (0ms)
			SetupTypeCache (181ms)
				TypeCache.Initialize (177ms)
					TypeCache.ScanAssembly (171ms)
				ResolveRequiredComponents (4ms)
			ReleaseScriptCaches (1ms)
			RebuildScriptCaches (48ms)
			SetupLoadedEditorAssemblies (491ms)
				LogAssemblyErrors (0ms)
				InitializePlatformSupportModulesInManaged (15ms)
				SetLoadedEditorAssemblies (11ms)
				RefreshPlugins (1ms)
				BeforeProcessingInitializeOnLoad (69ms)
				ProcessInitializeOnLoadAttributes (231ms)
				ProcessInitializeOnLoadMethodAttributes (159ms)
				AfterProcessingInitializeOnLoad (5ms)
				EditorAssembliesLoaded (0ms)
			ExecutionOrderSort2 (0ms)
			AwakeInstancesAfterBackupRestoration (6ms)
Platform modules already initialized, skipping
Refreshing native plugins compatible for Editor in 3.15 ms, found 2 plugins.
Preloading 0 native plugins for Editor in 0.00 ms.
Unloading 2406 Unused Serialized files (Serialized files now loaded: 0)
Unloading 41 unused Assets / (25.5 KB). Loaded Objects now: 2947.
Memory consumption went from 387.0 MB to 387.0 MB.
Total: 5.663600 ms (FindLiveObjects: 0.172200 ms CreateObjectMapping: 0.078600 ms MarkObjects: 5.386400 ms  DeleteObjects: 0.025500 ms)

AssetImportParameters requested are different than current active one (requested -> active):
  custom:video-decoder-ogg-theora: a1e56fd34408186e4bbccfd4996cb3dc -> 
  custom:container-muxer-webm: aa71ff27fc2769a1b78a27578f13a17b -> 
  custom:container-demuxer-webm: 4f35f7cbe854078d1ac9338744f61a02 -> 
  custom:video-encoder-webm-vp8: eb34c28f22e8b96e1ab97ce403110664 -> 
  custom:video-codec-MediaFoundation-h265: 746d11721c4dcdbdad8f713fa42b33f4 -> 
  custom:audio-encoder-webm-vorbis: bf7c407c2cedff20999df2af8eb42d56 -> 
  custom:framework-win-MediaFoundation: 216162199b28c13a410421893ffa2e32 -> 
  custom:container-demuxer-ogg: 62fdf1f143b41e24485cea50d1cbac27 -> 
  custom:video-decoder-webm-vp8: 9c59270c3fd7afecdb556c50c9e8de78 -> 
  custom:audio-decoder-ogg-vorbis: bf7c407c2cedff20999df2af8eb42d56 -> 
========================================================================
Received Import Request.
  Time since last request: 64.745277 seconds.
  path: Assets/AkibTreeView/UIControls/VirtualizingTreeView
  artifactKey: Guid(5cc1a4e1a97ece34ca927021fcf15502) Importer(815301076,1909f56bfc062723c751e8b465ee728b)
Start importing Assets/AkibTreeView/UIControls/VirtualizingTreeView using Guid(5cc1a4e1a97ece34ca927021fcf15502) Importer(815301076,1909f56bfc062723c751e8b465ee728b)  -> (artifact id: 'f727267261a57c8806e2e7572975e692') in 0.002925 seconds 
========================================================================
Received Import Request.
  Time since last request: 2.697572 seconds.
  path: Assets/AkibTreeView/UIControls/VirtualizingTreeView/Demo/VirtualizingTreeView_AddItems.unity
  artifactKey: Guid(a3fdefbc62b8e704e96bab19b9dbc691) Importer(815301076,1909f56bfc062723c751e8b465ee728b)
Start importing Assets/AkibTreeView/UIControls/VirtualizingTreeView/Demo/VirtualizingTreeView_AddItems.unity using Guid(a3fdefbc62b8e704e96bab19b9dbc691) Importer(815301076,1909f56bfc062723c751e8b465ee728b)  -> (artifact id: 'e3d7ffb4c9c169af126a7a819e37a772') in 0.005340 seconds 
========================================================================
Received Prepare
Registering precompiled user dll's ...
Registered in 0.003593 seconds.
Begin MonoManager ReloadAssembly
Native extension for WindowsStandalone target not found
Native extension for WebGL target not found
Refreshing native plugins compatible for Editor in 0.64 ms, found 2 plugins.
Preloading 0 native plugins for Editor in 0.00 ms.
[Package Manager] Server::EnsureServerProcessIsRunning -- launch failed, reason: Unity was launched with the -noUpm command-line argument
[Package Manager] UpmClient::Send -- Unable to send message (not connected to UPM process).
[Package Manager] Cannot connect to Unity Package Manager local server
Mono: successfully reloaded assembly
- Completed reload, in  1.018 seconds
Domain Reload Profiling:
	ReloadAssembly (1019ms)
		BeginReloadAssembly (140ms)
			ExecutionOrderSort (0ms)
			DisableScriptedObjects (10ms)
			BackupInstance (0ms)
			ReleaseScriptingObjects (0ms)
			CreateAndSetChildDomain (35ms)
		EndReloadAssembly (789ms)
			LoadAssemblies (84ms)
			RebuildTransferFunctionScriptingTraits (0ms)
			SetupTypeCache (193ms)
				TypeCache.Initialize (189ms)
					TypeCache.ScanAssembly (185ms)
				ResolveRequiredComponents (4ms)
			ReleaseScriptCaches (1ms)
			RebuildScriptCaches (44ms)
			SetupLoadedEditorAssemblies (428ms)
				LogAssemblyErrors (0ms)
				InitializePlatformSupportModulesInManaged (13ms)
				SetLoadedEditorAssemblies (8ms)
				RefreshPlugins (1ms)
				BeforeProcessingInitializeOnLoad (58ms)
				ProcessInitializeOnLoadAttributes (217ms)
				ProcessInitializeOnLoadMethodAttributes (126ms)
				AfterProcessingInitializeOnLoad (5ms)
				EditorAssembliesLoaded (0ms)
			ExecutionOrderSort2 (0ms)
			AwakeInstancesAfterBackupRestoration (6ms)
Platform modules already initialized, skipping
Refreshing native plugins compatible for Editor in 3.39 ms, found 2 plugins.
Preloading 0 native plugins for Editor in 0.00 ms.
Unloading 2406 Unused Serialized files (Serialized files now loaded: 0)
Unloading 41 unused Assets / (25.6 KB). Loaded Objects now: 2950.
Memory consumption went from 387.0 MB to 387.0 MB.
Total: 6.444600 ms (FindLiveObjects: 0.202300 ms CreateObjectMapping: 0.099300 ms MarkObjects: 6.109300 ms  DeleteObjects: 0.032500 ms)

AssetImportParameters requested are different than current active one (requested -> active):
  custom:video-decoder-ogg-theora: a1e56fd34408186e4bbccfd4996cb3dc -> 
  custom:container-muxer-webm: aa71ff27fc2769a1b78a27578f13a17b -> 
  custom:container-demuxer-webm: 4f35f7cbe854078d1ac9338744f61a02 -> 
  custom:video-encoder-webm-vp8: eb34c28f22e8b96e1ab97ce403110664 -> 
  custom:video-codec-MediaFoundation-h265: 746d11721c4dcdbdad8f713fa42b33f4 -> 
  custom:audio-encoder-webm-vorbis: bf7c407c2cedff20999df2af8eb42d56 -> 
  custom:framework-win-MediaFoundation: 216162199b28c13a410421893ffa2e32 -> 
  custom:container-demuxer-ogg: 62fdf1f143b41e24485cea50d1cbac27 -> 
  custom:video-decoder-webm-vp8: 9c59270c3fd7afecdb556c50c9e8de78 -> 
  custom:audio-decoder-ogg-vorbis: bf7c407c2cedff20999df2af8eb42d56 -> 
========================================================================
Received Import Request.
  Time since last request: 52.284551 seconds.
  path: Assets/AkibTreeView/UIControls/VirtualizingTreeView/Scripts
  artifactKey: Guid(dde768b732e7b7e4487a52a1c9a30aae) Importer(815301076,1909f56bfc062723c751e8b465ee728b)
Start importing Assets/AkibTreeView/UIControls/VirtualizingTreeView/Scripts using Guid(dde768b732e7b7e4487a52a1c9a30aae) Importer(815301076,1909f56bfc062723c751e8b465ee728b)  -> (artifact id: '5c232a5bb6e051a62f20364972d86703') in 0.006432 seconds 
========================================================================
Received Import Request.
  Time since last request: 0.798852 seconds.
  path: Assets/AkibTreeView/UIControls/VirtualizingTreeView/Prefabs
  artifactKey: Guid(ff8d06dfa58946e47b06d361816ec1c4) Importer(815301076,1909f56bfc062723c751e8b465ee728b)
Start importing Assets/AkibTreeView/UIControls/VirtualizingTreeView/Prefabs using Guid(ff8d06dfa58946e47b06d361816ec1c4) Importer(815301076,1909f56bfc062723c751e8b465ee728b)  -> (artifact id: '7f787f68ba5d834628b347854f901d27') in 0.006070 seconds 
========================================================================
Received Import Request.
  Time since last request: 15.914379 seconds.
  path: Assets/Demo.unity
  artifactKey: Guid(21805d193f328b646a86cd5e2034225a) Importer(815301076,1909f56bfc062723c751e8b465ee728b)
Start importing Assets/Demo.unity using Guid(21805d193f328b646a86cd5e2034225a) Importer(815301076,1909f56bfc062723c751e8b465ee728b)  -> (artifact id: 'ce619ccdad2ac11e16780937d51f1d35') in 0.005460 seconds 
========================================================================
Received Import Request.
  Time since last request: 6.552585 seconds.
  path: Assets/Test.cs
  artifactKey: Guid(2d6dd61c8ff30b8418b95a4c26d24a49) Importer(815301076,1909f56bfc062723c751e8b465ee728b)
Start importing Assets/Test.cs using Guid(2d6dd61c8ff30b8418b95a4c26d24a49) Importer(815301076,1909f56bfc062723c751e8b465ee728b)  -> (artifact id: '79522cac36d2f6c97741ad5381ad9956') in 0.006875 seconds 
========================================================================
Received Import Request.
  Time since last request: 0.621672 seconds.
  path: Assets/TransformExtension.cs
  artifactKey: Guid(7d4bfe4138c1a0244b3687af4e81092e) Importer(815301076,1909f56bfc062723c751e8b465ee728b)
Start importing Assets/TransformExtension.cs using Guid(7d4bfe4138c1a0244b3687af4e81092e) Importer(815301076,1909f56bfc062723c751e8b465ee728b)  -> (artifact id: 'b3d9cb861d2c6c8ad5783f85b689f192') in 0.006477 seconds 
========================================================================
Received Import Request.
  Time since last request: 0.699046 seconds.
  path: Assets/TreeViewManager.cs
  artifactKey: Guid(15f1e52bb80570a4981830e858ae5535) Importer(815301076,1909f56bfc062723c751e8b465ee728b)
Start importing Assets/TreeViewManager.cs using Guid(15f1e52bb80570a4981830e858ae5535) Importer(815301076,1909f56bfc062723c751e8b465ee728b)  -> (artifact id: 'e348f9f3ad4bb9d3a8c02278ba143aa1') in 0.006592 seconds 
========================================================================
Received Prepare
Registering precompiled user dll's ...
Registered in 0.003666 seconds.
Begin MonoManager ReloadAssembly
Native extension for WindowsStandalone target not found
Native extension for WebGL target not found
Refreshing native plugins compatible for Editor in 0.61 ms, found 2 plugins.
Preloading 0 native plugins for Editor in 0.00 ms.
[Package Manager] Server::EnsureServerProcessIsRunning -- launch failed, reason: Unity was launched with the -noUpm command-line argument
[Package Manager] UpmClient::Send -- Unable to send message (not connected to UPM process).
[Package Manager] Cannot connect to Unity Package Manager local server
Mono: successfully reloaded assembly
- Completed reload, in  1.058 seconds
Domain Reload Profiling:
	ReloadAssembly (1059ms)
		BeginReloadAssembly (165ms)
			ExecutionOrderSort (0ms)
			DisableScriptedObjects (13ms)
			BackupInstance (0ms)
			ReleaseScriptingObjects (0ms)
			CreateAndSetChildDomain (51ms)
		EndReloadAssembly (800ms)
			LoadAssemblies (86ms)
			RebuildTransferFunctionScriptingTraits (0ms)
			SetupTypeCache (186ms)
				TypeCache.Initialize (183ms)
					TypeCache.ScanAssembly (179ms)
				ResolveRequiredComponents (3ms)
			ReleaseScriptCaches (1ms)
			RebuildScriptCaches (41ms)
			SetupLoadedEditorAssemblies (447ms)
				LogAssemblyErrors (0ms)
				InitializePlatformSupportModulesInManaged (12ms)
				SetLoadedEditorAssemblies (9ms)
				RefreshPlugins (1ms)
				BeforeProcessingInitializeOnLoad (59ms)
				ProcessInitializeOnLoadAttributes (207ms)
				ProcessInitializeOnLoadMethodAttributes (154ms)
				AfterProcessingInitializeOnLoad (5ms)
				EditorAssembliesLoaded (0ms)
			ExecutionOrderSort2 (0ms)
			AwakeInstancesAfterBackupRestoration (6ms)
Platform modules already initialized, skipping
Refreshing native plugins compatible for Editor in 3.24 ms, found 2 plugins.
Preloading 0 native plugins for Editor in 0.00 ms.
Unloading 2406 Unused Serialized files (Serialized files now loaded: 0)
Unloading 41 unused Assets / (25.4 KB). Loaded Objects now: 2953.
Memory consumption went from 387.0 MB to 387.0 MB.
Total: 6.274500 ms (FindLiveObjects: 0.205000 ms CreateObjectMapping: 0.113800 ms MarkObjects: 5.912300 ms  DeleteObjects: 0.042200 ms)

AssetImportParameters requested are different than current active one (requested -> active):
  custom:video-decoder-ogg-theora: a1e56fd34408186e4bbccfd4996cb3dc -> 
  custom:container-muxer-webm: aa71ff27fc2769a1b78a27578f13a17b -> 
  custom:container-demuxer-webm: 4f35f7cbe854078d1ac9338744f61a02 -> 
  custom:video-encoder-webm-vp8: eb34c28f22e8b96e1ab97ce403110664 -> 
  custom:video-codec-MediaFoundation-h265: 746d11721c4dcdbdad8f713fa42b33f4 -> 
  custom:audio-encoder-webm-vorbis: bf7c407c2cedff20999df2af8eb42d56 -> 
  custom:framework-win-MediaFoundation: 216162199b28c13a410421893ffa2e32 -> 
  custom:container-demuxer-ogg: 62fdf1f143b41e24485cea50d1cbac27 -> 
  custom:video-decoder-webm-vp8: 9c59270c3fd7afecdb556c50c9e8de78 -> 
  custom:audio-decoder-ogg-vorbis: bf7c407c2cedff20999df2af8eb42d56 -> 
========================================================================
Received Import Request.
  Time since last request: 16.133713 seconds.
  path: Assets
  artifactKey: Guid(00000000000000001000000000000000) Importer(815301076,1909f56bfc062723c751e8b465ee728b)
Start importing Assets using Guid(00000000000000001000000000000000) Importer(815301076,1909f56bfc062723c751e8b465ee728b)  -> (artifact id: '643dbe22ecb75e7bba7c4df53f6b1cbf') in 0.007075 seconds 
========================================================================
Received Import Request.
  Time since last request: 7.799330 seconds.
  path: Assets/Scene
  artifactKey: Guid(5dff2f77b769f7e488f8f899fca4cab5) Importer(815301076,1909f56bfc062723c751e8b465ee728b)
Start importing Assets/Scene using Guid(5dff2f77b769f7e488f8f899fca4cab5) Importer(815301076,1909f56bfc062723c751e8b465ee728b)  -> (artifact id: 'cab61fc50d4f895a5b3fbdb150c439a6') in 0.005511 seconds 
========================================================================
Received Import Request.
  Time since last request: 13.765923 seconds.
  path: Assets/Scenes
  artifactKey: Guid(5dff2f77b769f7e488f8f899fca4cab5) Importer(815301076,1909f56bfc062723c751e8b465ee728b)
Start importing Assets/Scenes using Guid(5dff2f77b769f7e488f8f899fca4cab5) Importer(815301076,1909f56bfc062723c751e8b465ee728b)  -> (artifact id: 'd93781a2da43d15ac8e5830c22fbc34d') in 0.005564 seconds 
========================================================================
Received Prepare
Registering precompiled user dll's ...
Registered in 0.003443 seconds.
Begin MonoManager ReloadAssembly
Native extension for WindowsStandalone target not found
Native extension for WebGL target not found
Refreshing native plugins compatible for Editor in 0.86 ms, found 2 plugins.
Preloading 0 native plugins for Editor in 0.00 ms.
[Package Manager] Server::EnsureServerProcessIsRunning -- launch failed, reason: Unity was launched with the -noUpm command-line argument
[Package Manager] UpmClient::Send -- Unable to send message (not connected to UPM process).
[Package Manager] Cannot connect to Unity Package Manager local server
Mono: successfully reloaded assembly
- Completed reload, in  1.080 seconds
Domain Reload Profiling:
	ReloadAssembly (1081ms)
		BeginReloadAssembly (148ms)
			ExecutionOrderSort (0ms)
			DisableScriptedObjects (13ms)
			BackupInstance (0ms)
			ReleaseScriptingObjects (0ms)
			CreateAndSetChildDomain (34ms)
		EndReloadAssembly (823ms)
			LoadAssemblies (87ms)
			RebuildTransferFunctionScriptingTraits (0ms)
			SetupTypeCache (193ms)
				TypeCache.Initialize (190ms)
					TypeCache.ScanAssembly (186ms)
				ResolveRequiredComponents (3ms)
			ReleaseScriptCaches (1ms)
			RebuildScriptCaches (45ms)
			SetupLoadedEditorAssemblies (450ms)
				LogAssemblyErrors (0ms)
				InitializePlatformSupportModulesInManaged (14ms)
				SetLoadedEditorAssemblies (8ms)
				RefreshPlugins (1ms)
				BeforeProcessingInitializeOnLoad (74ms)
				ProcessInitializeOnLoadAttributes (220ms)
				ProcessInitializeOnLoadMethodAttributes (129ms)
				AfterProcessingInitializeOnLoad (5ms)
				EditorAssembliesLoaded (0ms)
			ExecutionOrderSort2 (0ms)
			AwakeInstancesAfterBackupRestoration (6ms)
Platform modules already initialized, skipping
Refreshing native plugins compatible for Editor in 3.03 ms, found 2 plugins.
Preloading 0 native plugins for Editor in 0.00 ms.
Unloading 2375 Unused Serialized files (Serialized files now loaded: 0)
Unloading 71 unused Assets / (25.4 KB). Loaded Objects now: 2926.
Memory consumption went from 382.8 MB to 382.8 MB.
Total: 5.858800 ms (FindLiveObjects: 0.175300 ms CreateObjectMapping: 0.093700 ms MarkObjects: 5.549900 ms  DeleteObjects: 0.039100 ms)

AssetImportParameters requested are different than current active one (requested -> active):
  custom:video-decoder-ogg-theora: a1e56fd34408186e4bbccfd4996cb3dc -> 
  custom:container-muxer-webm: aa71ff27fc2769a1b78a27578f13a17b -> 
  custom:container-demuxer-webm: 4f35f7cbe854078d1ac9338744f61a02 -> 
  custom:video-encoder-webm-vp8: eb34c28f22e8b96e1ab97ce403110664 -> 
  custom:video-codec-MediaFoundation-h265: 746d11721c4dcdbdad8f713fa42b33f4 -> 
  custom:audio-encoder-webm-vorbis: bf7c407c2cedff20999df2af8eb42d56 -> 
  custom:framework-win-MediaFoundation: 216162199b28c13a410421893ffa2e32 -> 
  custom:container-demuxer-ogg: 62fdf1f143b41e24485cea50d1cbac27 -> 
  custom:video-decoder-webm-vp8: 9c59270c3fd7afecdb556c50c9e8de78 -> 
  custom:audio-decoder-ogg-vorbis: bf7c407c2cedff20999df2af8eb42d56 -> 
